{"/home/stevefoale/code/gwtm/frontend/src/lib/stores/auth.ts": {"path":"/home/stevefoale/code/gwtm/frontend/src/lib/stores/auth.ts","all":true,"statementMap":{"0":{"start":{"line":1,"column":0},"end":{"line":1,"column":40}},"1":{"start":{"line":2,"column":0},"end":{"line":2,"column":43}},"2":{"start":{"line":3,"column":0},"end":{"line":3,"column":39}},"3":{"start":{"line":4,"column":0},"end":{"line":4,"column":31}},"4":{"start":{"line":5,"column":0},"end":{"line":5,"column":56}},"22":{"start":{"line":23,"column":0},"end":{"line":23,"column":28}},"23":{"start":{"line":24,"column":0},"end":{"line":24,"column":57}},"24":{"start":{"line":25,"column":0},"end":{"line":25,"column":25}},"25":{"start":{"line":26,"column":0},"end":{"line":26,"column":13}},"26":{"start":{"line":27,"column":0},"end":{"line":27,"column":56}},"27":{"start":{"line":28,"column":0},"end":{"line":28,"column":13}},"28":{"start":{"line":29,"column":0},"end":{"line":29,"column":4}},"31":{"start":{"line":32,"column":0},"end":{"line":32,"column":21}},"32":{"start":{"line":33,"column":0},"end":{"line":33,"column":17}},"33":{"start":{"line":34,"column":0},"end":{"line":34,"column":53}},"34":{"start":{"line":35,"column":0},"end":{"line":35,"column":10}},"35":{"start":{"line":36,"column":0},"end":{"line":36,"column":3}},"37":{"start":{"line":38,"column":0},"end":{"line":38,"column":39}},"38":{"start":{"line":39,"column":0},"end":{"line":39,"column":47}},"40":{"start":{"line":41,"column":0},"end":{"line":41,"column":25}},"41":{"start":{"line":42,"column":0},"end":{"line":42,"column":8}},"42":{"start":{"line":43,"column":0},"end":{"line":43,"column":37}},"43":{"start":{"line":44,"column":0},"end":{"line":44,"column":9}},"44":{"start":{"line":45,"column":0},"end":{"line":45,"column":27}},"45":{"start":{"line":46,"column":0},"end":{"line":46,"column":16}},"46":{"start":{"line":47,"column":0},"end":{"line":47,"column":18}},"47":{"start":{"line":48,"column":0},"end":{"line":48,"column":19}},"48":{"start":{"line":49,"column":0},"end":{"line":49,"column":7}},"49":{"start":{"line":50,"column":0},"end":{"line":50,"column":12}},"51":{"start":{"line":52,"column":0},"end":{"line":52,"column":29}},"52":{"start":{"line":53,"column":0},"end":{"line":53,"column":36}},"53":{"start":{"line":54,"column":0},"end":{"line":54,"column":77}},"54":{"start":{"line":55,"column":0},"end":{"line":55,"column":4}},"55":{"start":{"line":56,"column":0},"end":{"line":56,"column":10}},"57":{"start":{"line":58,"column":0},"end":{"line":58,"column":76}},"58":{"start":{"line":59,"column":0},"end":{"line":59,"column":3}},"59":{"start":{"line":60,"column":0},"end":{"line":60,"column":3}},"61":{"start":{"line":62,"column":0},"end":{"line":62,"column":22}},"62":{"start":{"line":63,"column":0},"end":{"line":63,"column":19}},"63":{"start":{"line":64,"column":0},"end":{"line":64,"column":19}},"64":{"start":{"line":65,"column":0},"end":{"line":65,"column":20}},"65":{"start":{"line":66,"column":0},"end":{"line":66,"column":28}},"66":{"start":{"line":67,"column":0},"end":{"line":67,"column":51}},"67":{"start":{"line":68,"column":0},"end":{"line":68,"column":7}},"68":{"start":{"line":69,"column":0},"end":{"line":69,"column":73}},"70":{"start":{"line":71,"column":0},"end":{"line":71,"column":53}},"71":{"start":{"line":72,"column":0},"end":{"line":72,"column":56}},"74":{"start":{"line":75,"column":0},"end":{"line":75,"column":32}},"75":{"start":{"line":76,"column":0},"end":{"line":76,"column":18}},"76":{"start":{"line":77,"column":0},"end":{"line":77,"column":56}},"77":{"start":{"line":78,"column":0},"end":{"line":78,"column":5}},"79":{"start":{"line":80,"column":0},"end":{"line":80,"column":9}},"80":{"start":{"line":81,"column":0},"end":{"line":81,"column":27}},"81":{"start":{"line":82,"column":0},"end":{"line":82,"column":16}},"82":{"start":{"line":83,"column":0},"end":{"line":83,"column":18}},"83":{"start":{"line":84,"column":0},"end":{"line":84,"column":19}},"84":{"start":{"line":85,"column":0},"end":{"line":85,"column":7}},"86":{"start":{"line":87,"column":0},"end":{"line":87,"column":82}},"87":{"start":{"line":88,"column":0},"end":{"line":88,"column":53}},"88":{"start":{"line":89,"column":0},"end":{"line":89,"column":35}},"89":{"start":{"line":90,"column":0},"end":{"line":90,"column":11}},"90":{"start":{"line":91,"column":0},"end":{"line":91,"column":71}},"91":{"start":{"line":92,"column":0},"end":{"line":92,"column":4}},"92":{"start":{"line":93,"column":0},"end":{"line":93,"column":17}},"93":{"start":{"line":94,"column":0},"end":{"line":94,"column":39}},"94":{"start":{"line":95,"column":0},"end":{"line":95,"column":23}},"95":{"start":{"line":96,"column":0},"end":{"line":96,"column":84}},"96":{"start":{"line":97,"column":0},"end":{"line":97,"column":45}},"97":{"start":{"line":98,"column":0},"end":{"line":98,"column":59}},"98":{"start":{"line":99,"column":0},"end":{"line":99,"column":23}},"99":{"start":{"line":100,"column":0},"end":{"line":100,"column":13}},"100":{"start":{"line":101,"column":0},"end":{"line":101,"column":27}},"101":{"start":{"line":102,"column":0},"end":{"line":102,"column":15}},"102":{"start":{"line":103,"column":0},"end":{"line":103,"column":16}},"103":{"start":{"line":104,"column":0},"end":{"line":104,"column":18}},"104":{"start":{"line":105,"column":0},"end":{"line":105,"column":7}},"105":{"start":{"line":106,"column":0},"end":{"line":106,"column":50}},"106":{"start":{"line":107,"column":0},"end":{"line":107,"column":3}},"107":{"start":{"line":108,"column":0},"end":{"line":108,"column":3}},"109":{"start":{"line":110,"column":0},"end":{"line":110,"column":29}},"110":{"start":{"line":111,"column":0},"end":{"line":111,"column":7}},"112":{"start":{"line":113,"column":0},"end":{"line":113,"column":27}},"113":{"start":{"line":114,"column":0},"end":{"line":114,"column":19}},"115":{"start":{"line":116,"column":0},"end":{"line":116,"column":49}},"116":{"start":{"line":117,"column":0},"end":{"line":117,"column":3}},"119":{"start":{"line":120,"column":0},"end":{"line":120,"column":27}},"120":{"start":{"line":121,"column":0},"end":{"line":121,"column":7}},"121":{"start":{"line":122,"column":0},"end":{"line":122,"column":26}},"122":{"start":{"line":123,"column":0},"end":{"line":123,"column":14}},"123":{"start":{"line":124,"column":0},"end":{"line":124,"column":15}},"124":{"start":{"line":125,"column":0},"end":{"line":125,"column":17}},"125":{"start":{"line":126,"column":0},"end":{"line":126,"column":5}},"126":{"start":{"line":127,"column":0},"end":{"line":127,"column":72}},"127":{"start":{"line":128,"column":0},"end":{"line":128,"column":46}},"128":{"start":{"line":129,"column":0},"end":{"line":129,"column":3}},"130":{"start":{"line":131,"column":0},"end":{"line":131,"column":36}},"136":{"start":{"line":137,"column":0},"end":{"line":137,"column":29}},"137":{"start":{"line":138,"column":0},"end":{"line":138,"column":51}},"138":{"start":{"line":139,"column":0},"end":{"line":139,"column":7}},"139":{"start":{"line":140,"column":0},"end":{"line":140,"column":54}},"142":{"start":{"line":143,"column":0},"end":{"line":143,"column":25}},"143":{"start":{"line":144,"column":0},"end":{"line":144,"column":29}},"144":{"start":{"line":145,"column":0},"end":{"line":145,"column":73}},"146":{"start":{"line":147,"column":0},"end":{"line":147,"column":43}},"147":{"start":{"line":148,"column":0},"end":{"line":148,"column":17}},"148":{"start":{"line":149,"column":0},"end":{"line":149,"column":72}},"149":{"start":{"line":150,"column":0},"end":{"line":150,"column":6}},"151":{"start":{"line":152,"column":0},"end":{"line":152,"column":53}},"152":{"start":{"line":153,"column":0},"end":{"line":153,"column":28}},"153":{"start":{"line":154,"column":0},"end":{"line":154,"column":17}},"154":{"start":{"line":155,"column":0},"end":{"line":155,"column":46}},"157":{"start":{"line":158,"column":0},"end":{"line":158,"column":63}},"159":{"start":{"line":160,"column":0},"end":{"line":160,"column":61}},"160":{"start":{"line":161,"column":0},"end":{"line":161,"column":38}},"166":{"start":{"line":167,"column":0},"end":{"line":167,"column":72}},"167":{"start":{"line":168,"column":0},"end":{"line":168,"column":40}},"168":{"start":{"line":169,"column":0},"end":{"line":169,"column":57}},"169":{"start":{"line":170,"column":0},"end":{"line":170,"column":18}},"170":{"start":{"line":171,"column":0},"end":{"line":171,"column":27}},"171":{"start":{"line":172,"column":0},"end":{"line":172,"column":40}},"173":{"start":{"line":174,"column":0},"end":{"line":174,"column":47}},"175":{"start":{"line":176,"column":0},"end":{"line":176,"column":51}},"176":{"start":{"line":177,"column":0},"end":{"line":177,"column":12}},"177":{"start":{"line":178,"column":0},"end":{"line":178,"column":62}},"178":{"start":{"line":179,"column":0},"end":{"line":179,"column":71}},"179":{"start":{"line":180,"column":0},"end":{"line":180,"column":8}},"180":{"start":{"line":181,"column":0},"end":{"line":181,"column":19}},"181":{"start":{"line":182,"column":0},"end":{"line":182,"column":38}},"182":{"start":{"line":183,"column":0},"end":{"line":183,"column":59}},"183":{"start":{"line":184,"column":0},"end":{"line":184,"column":42}},"184":{"start":{"line":185,"column":0},"end":{"line":185,"column":6}},"185":{"start":{"line":186,"column":0},"end":{"line":186,"column":42}},"186":{"start":{"line":187,"column":0},"end":{"line":187,"column":67}},"187":{"start":{"line":188,"column":0},"end":{"line":188,"column":42}},"188":{"start":{"line":189,"column":0},"end":{"line":189,"column":77}},"189":{"start":{"line":190,"column":0},"end":{"line":190,"column":41}},"190":{"start":{"line":191,"column":0},"end":{"line":191,"column":60}},"191":{"start":{"line":192,"column":0},"end":{"line":192,"column":5}},"192":{"start":{"line":193,"column":0},"end":{"line":193,"column":4}},"194":{"start":{"line":195,"column":0},"end":{"line":195,"column":75}},"195":{"start":{"line":196,"column":0},"end":{"line":196,"column":53}},"196":{"start":{"line":197,"column":0},"end":{"line":197,"column":50}},"197":{"start":{"line":198,"column":0},"end":{"line":198,"column":3}},"198":{"start":{"line":199,"column":0},"end":{"line":199,"column":3}},"200":{"start":{"line":201,"column":0},"end":{"line":201,"column":9}},"201":{"start":{"line":202,"column":0},"end":{"line":202,"column":12}},"202":{"start":{"line":203,"column":0},"end":{"line":203,"column":7}},"203":{"start":{"line":204,"column":0},"end":{"line":204,"column":8}},"204":{"start":{"line":205,"column":0},"end":{"line":205,"column":9}},"205":{"start":{"line":206,"column":0},"end":{"line":206,"column":10}},"206":{"start":{"line":207,"column":0},"end":{"line":207,"column":3}},"207":{"start":{"line":208,"column":0},"end":{"line":208,"column":1}},"209":{"start":{"line":210,"column":0},"end":{"line":210,"column":38}},"212":{"start":{"line":213,"column":0},"end":{"line":213,"column":12}}},"s":{"0":0,"1":0,"2":0,"3":0,"4":0,"22":0,"23":0,"24":0,"25":0,"26":0,"27":0,"28":0,"31":0,"32":0,"33":0,"34":0,"35":0,"37":0,"38":0,"40":0,"41":0,"42":0,"43":0,"44":0,"45":0,"46":0,"47":0,"48":0,"49":0,"51":0,"52":0,"53":0,"54":0,"55":0,"57":0,"58":0,"59":0,"61":0,"62":0,"63":0,"64":0,"65":0,"66":0,"67":0,"68":0,"70":0,"71":0,"74":0,"75":0,"76":0,"77":0,"79":0,"80":0,"81":0,"82":0,"83":0,"84":0,"86":0,"87":0,"88":0,"89":0,"90":0,"91":0,"92":0,"93":0,"94":0,"95":0,"96":0,"97":0,"98":0,"99":0,"100":0,"101":0,"102":0,"103":0,"104":0,"105":0,"106":0,"107":0,"109":0,"110":0,"112":0,"113":0,"115":0,"116":0,"119":0,"120":0,"121":0,"122":0,"123":0,"124":0,"125":0,"126":0,"127":0,"128":0,"130":0,"136":0,"137":0,"138":0,"139":0,"142":0,"143":0,"144":0,"146":0,"147":0,"148":0,"149":0,"151":0,"152":0,"153":0,"154":0,"157":0,"159":0,"160":0,"166":0,"167":0,"168":0,"169":0,"170":0,"171":0,"173":0,"175":0,"176":0,"177":0,"178":0,"179":0,"180":0,"181":0,"182":0,"183":0,"184":0,"185":0,"186":0,"187":0,"188":0,"189":0,"190":0,"191":0,"192":0,"194":0,"195":0,"196":0,"197":0,"198":0,"200":0,"201":0,"202":0,"203":0,"204":0,"205":0,"206":0,"207":0,"209":0,"212":0},"branchMap":{"0":{"type":"branch","line":1,"loc":{"start":{"line":1,"column":5919},"end":{"line":213,"column":12}},"locations":[{"start":{"line":1,"column":5919},"end":{"line":213,"column":12}}]}},"b":{"0":[0]},"fnMap":{"0":{"name":"(empty-report)","decl":{"start":{"line":1,"column":5919},"end":{"line":213,"column":12}},"loc":{"start":{"line":1,"column":5919},"end":{"line":213,"column":12}},"line":1}},"f":{"0":0}}
,"/home/stevefoale/code/gwtm/frontend/src/lib/stores/formStore.ts": {"path":"/home/stevefoale/code/gwtm/frontend/src/lib/stores/formStore.ts","all":true,"statementMap":{"9":{"start":{"line":10,"column":0},"end":{"line":10,"column":54}},"11":{"start":{"line":12,"column":0},"end":{"line":12,"column":75}},"46":{"start":{"line":47,"column":0},"end":{"line":47,"column":93}},"47":{"start":{"line":48,"column":0},"end":{"line":48,"column":29}},"48":{"start":{"line":49,"column":0},"end":{"line":49,"column":3}},"49":{"start":{"line":50,"column":0},"end":{"line":50,"column":8}},"50":{"start":{"line":51,"column":0},"end":{"line":51,"column":35}},"51":{"start":{"line":52,"column":0},"end":{"line":52,"column":19}},"52":{"start":{"line":53,"column":0},"end":{"line":53,"column":26}},"53":{"start":{"line":54,"column":0},"end":{"line":54,"column":24}},"54":{"start":{"line":55,"column":0},"end":{"line":55,"column":24}},"55":{"start":{"line":56,"column":0},"end":{"line":56,"column":15}},"56":{"start":{"line":57,"column":0},"end":{"line":57,"column":13}},"59":{"start":{"line":60,"column":0},"end":{"line":60,"column":37}},"60":{"start":{"line":61,"column":0},"end":{"line":61,"column":34}},"61":{"start":{"line":62,"column":0},"end":{"line":62,"column":60}},"62":{"start":{"line":63,"column":0},"end":{"line":63,"column":16}},"63":{"start":{"line":64,"column":0},"end":{"line":64,"column":22}},"64":{"start":{"line":65,"column":0},"end":{"line":65,"column":17}},"65":{"start":{"line":66,"column":0},"end":{"line":66,"column":17}},"66":{"start":{"line":67,"column":0},"end":{"line":67,"column":42}},"67":{"start":{"line":68,"column":0},"end":{"line":68,"column":17}},"68":{"start":{"line":69,"column":0},"end":{"line":69,"column":3}},"71":{"start":{"line":72,"column":0},"end":{"line":72,"column":60}},"72":{"start":{"line":73,"column":0},"end":{"line":73,"column":41}},"73":{"start":{"line":74,"column":0},"end":{"line":74,"column":9}},"74":{"start":{"line":75,"column":0},"end":{"line":75,"column":14}},"75":{"start":{"line":76,"column":0},"end":{"line":76,"column":16}},"76":{"start":{"line":77,"column":0},"end":{"line":77,"column":18}},"77":{"start":{"line":78,"column":0},"end":{"line":78,"column":18}},"78":{"start":{"line":79,"column":0},"end":{"line":79,"column":17}},"79":{"start":{"line":80,"column":0},"end":{"line":80,"column":22}},"80":{"start":{"line":81,"column":0},"end":{"line":81,"column":4}},"81":{"start":{"line":82,"column":0},"end":{"line":82,"column":2}},"83":{"start":{"line":84,"column":0},"end":{"line":84,"column":52}},"86":{"start":{"line":87,"column":0},"end":{"line":87,"column":54}},"87":{"start":{"line":88,"column":0},"end":{"line":88,"column":60}},"88":{"start":{"line":89,"column":0},"end":{"line":89,"column":70}},"89":{"start":{"line":90,"column":0},"end":{"line":90,"column":60}},"90":{"start":{"line":91,"column":0},"end":{"line":91,"column":58}},"91":{"start":{"line":92,"column":0},"end":{"line":92,"column":68}},"94":{"start":{"line":95,"column":0},"end":{"line":95,"column":94}},"95":{"start":{"line":96,"column":0},"end":{"line":96,"column":6}},"96":{"start":{"line":97,"column":0},"end":{"line":97,"column":3}},"101":{"start":{"line":102,"column":0},"end":{"line":102,"column":69}},"102":{"start":{"line":103,"column":0},"end":{"line":103,"column":34}},"103":{"start":{"line":104,"column":0},"end":{"line":104,"column":50}},"104":{"start":{"line":105,"column":0},"end":{"line":105,"column":52}},"106":{"start":{"line":107,"column":0},"end":{"line":107,"column":21}},"107":{"start":{"line":108,"column":0},"end":{"line":108,"column":40}},"108":{"start":{"line":109,"column":0},"end":{"line":109,"column":3}},"110":{"start":{"line":111,"column":0},"end":{"line":111,"column":88}},"111":{"start":{"line":112,"column":0},"end":{"line":112,"column":2}},"116":{"start":{"line":117,"column":0},"end":{"line":117,"column":40}},"117":{"start":{"line":118,"column":0},"end":{"line":118,"column":37}},"119":{"start":{"line":120,"column":0},"end":{"line":120,"column":34}},"120":{"start":{"line":121,"column":0},"end":{"line":121,"column":70}},"122":{"start":{"line":123,"column":0},"end":{"line":123,"column":27}},"123":{"start":{"line":124,"column":0},"end":{"line":124,"column":41}},"124":{"start":{"line":125,"column":0},"end":{"line":125,"column":53}},"127":{"start":{"line":128,"column":0},"end":{"line":128,"column":63}},"128":{"start":{"line":129,"column":0},"end":{"line":129,"column":42}},"130":{"start":{"line":131,"column":0},"end":{"line":131,"column":48}},"131":{"start":{"line":132,"column":0},"end":{"line":132,"column":124}},"133":{"start":{"line":134,"column":0},"end":{"line":134,"column":37}},"134":{"start":{"line":135,"column":0},"end":{"line":135,"column":34}},"135":{"start":{"line":136,"column":0},"end":{"line":136,"column":40}},"136":{"start":{"line":137,"column":0},"end":{"line":137,"column":17}},"137":{"start":{"line":138,"column":0},"end":{"line":138,"column":19}},"138":{"start":{"line":139,"column":0},"end":{"line":139,"column":21}},"139":{"start":{"line":140,"column":0},"end":{"line":140,"column":21}},"140":{"start":{"line":141,"column":0},"end":{"line":141,"column":20}},"141":{"start":{"line":142,"column":0},"end":{"line":142,"column":25}},"142":{"start":{"line":143,"column":0},"end":{"line":143,"column":7}},"143":{"start":{"line":144,"column":0},"end":{"line":144,"column":5}},"145":{"start":{"line":146,"column":0},"end":{"line":146,"column":33}},"146":{"start":{"line":147,"column":0},"end":{"line":147,"column":34}},"147":{"start":{"line":148,"column":0},"end":{"line":148,"column":37}},"148":{"start":{"line":149,"column":0},"end":{"line":149,"column":47}},"149":{"start":{"line":150,"column":0},"end":{"line":150,"column":39}},"150":{"start":{"line":151,"column":0},"end":{"line":151,"column":24}},"151":{"start":{"line":152,"column":0},"end":{"line":152,"column":6}},"153":{"start":{"line":154,"column":0},"end":{"line":154,"column":36}},"154":{"start":{"line":155,"column":0},"end":{"line":155,"column":57}},"155":{"start":{"line":156,"column":0},"end":{"line":156,"column":5}},"156":{"start":{"line":157,"column":0},"end":{"line":157,"column":4}},"158":{"start":{"line":159,"column":0},"end":{"line":159,"column":11}},"159":{"start":{"line":160,"column":0},"end":{"line":160,"column":13}},"160":{"start":{"line":161,"column":0},"end":{"line":161,"column":22}},"161":{"start":{"line":162,"column":0},"end":{"line":162,"column":22}},"162":{"start":{"line":163,"column":0},"end":{"line":163,"column":28}},"163":{"start":{"line":164,"column":0},"end":{"line":164,"column":5}},"164":{"start":{"line":165,"column":0},"end":{"line":165,"column":5}},"166":{"start":{"line":167,"column":0},"end":{"line":167,"column":25}},"167":{"start":{"line":168,"column":0},"end":{"line":168,"column":2}},"172":{"start":{"line":173,"column":0},"end":{"line":173,"column":99}},"173":{"start":{"line":174,"column":0},"end":{"line":174,"column":27}},"174":{"start":{"line":175,"column":0},"end":{"line":175,"column":57}},"175":{"start":{"line":176,"column":0},"end":{"line":176,"column":41}},"178":{"start":{"line":179,"column":0},"end":{"line":179,"column":31}},"179":{"start":{"line":180,"column":0},"end":{"line":180,"column":28}},"180":{"start":{"line":181,"column":0},"end":{"line":181,"column":11}},"181":{"start":{"line":182,"column":0},"end":{"line":182,"column":16}},"182":{"start":{"line":183,"column":0},"end":{"line":183,"column":18}},"183":{"start":{"line":184,"column":0},"end":{"line":184,"column":20}},"184":{"start":{"line":185,"column":0},"end":{"line":185,"column":20}},"185":{"start":{"line":186,"column":0},"end":{"line":186,"column":19}},"186":{"start":{"line":187,"column":0},"end":{"line":187,"column":24}},"187":{"start":{"line":188,"column":0},"end":{"line":188,"column":6}},"188":{"start":{"line":189,"column":0},"end":{"line":189,"column":4}},"191":{"start":{"line":192,"column":0},"end":{"line":192,"column":27}},"192":{"start":{"line":193,"column":0},"end":{"line":193,"column":28}},"193":{"start":{"line":194,"column":0},"end":{"line":194,"column":10}},"194":{"start":{"line":195,"column":0},"end":{"line":195,"column":26}},"195":{"start":{"line":196,"column":0},"end":{"line":196,"column":5}},"197":{"start":{"line":198,"column":0},"end":{"line":198,"column":21}},"198":{"start":{"line":199,"column":0},"end":{"line":199,"column":13}},"199":{"start":{"line":200,"column":0},"end":{"line":200,"column":18}},"200":{"start":{"line":201,"column":0},"end":{"line":201,"column":22}},"201":{"start":{"line":202,"column":0},"end":{"line":202,"column":17}},"202":{"start":{"line":203,"column":0},"end":{"line":203,"column":5}},"205":{"start":{"line":206,"column":0},"end":{"line":206,"column":51}},"206":{"start":{"line":207,"column":0},"end":{"line":207,"column":43}},"207":{"start":{"line":208,"column":0},"end":{"line":208,"column":11}},"208":{"start":{"line":209,"column":0},"end":{"line":209,"column":33}},"209":{"start":{"line":210,"column":0},"end":{"line":210,"column":13}},"210":{"start":{"line":211,"column":0},"end":{"line":211,"column":24}},"211":{"start":{"line":212,"column":0},"end":{"line":212,"column":6}},"213":{"start":{"line":214,"column":0},"end":{"line":214,"column":28}},"214":{"start":{"line":215,"column":0},"end":{"line":215,"column":29}},"215":{"start":{"line":216,"column":0},"end":{"line":216,"column":37}},"216":{"start":{"line":217,"column":0},"end":{"line":217,"column":47}},"217":{"start":{"line":218,"column":0},"end":{"line":218,"column":39}},"218":{"start":{"line":219,"column":0},"end":{"line":219,"column":24}},"219":{"start":{"line":220,"column":0},"end":{"line":220,"column":6}},"221":{"start":{"line":222,"column":0},"end":{"line":222,"column":42}},"222":{"start":{"line":223,"column":0},"end":{"line":223,"column":35}},"223":{"start":{"line":224,"column":0},"end":{"line":224,"column":33}},"224":{"start":{"line":225,"column":0},"end":{"line":225,"column":12}},"225":{"start":{"line":226,"column":0},"end":{"line":226,"column":52}},"226":{"start":{"line":227,"column":0},"end":{"line":227,"column":5}},"228":{"start":{"line":229,"column":0},"end":{"line":229,"column":32}},"229":{"start":{"line":230,"column":0},"end":{"line":230,"column":32}},"230":{"start":{"line":231,"column":0},"end":{"line":231,"column":4}},"232":{"start":{"line":233,"column":0},"end":{"line":233,"column":19}},"233":{"start":{"line":234,"column":0},"end":{"line":234,"column":5}},"236":{"start":{"line":237,"column":0},"end":{"line":237,"column":17}},"237":{"start":{"line":238,"column":0},"end":{"line":238,"column":36}},"238":{"start":{"line":239,"column":0},"end":{"line":239,"column":3}},"239":{"start":{"line":240,"column":0},"end":{"line":240,"column":2}},"244":{"start":{"line":245,"column":0},"end":{"line":245,"column":69}},"245":{"start":{"line":246,"column":0},"end":{"line":246,"column":27}},"246":{"start":{"line":247,"column":0},"end":{"line":247,"column":41}},"248":{"start":{"line":249,"column":0},"end":{"line":249,"column":31}},"249":{"start":{"line":250,"column":0},"end":{"line":250,"column":28}},"250":{"start":{"line":251,"column":0},"end":{"line":251,"column":34}},"251":{"start":{"line":252,"column":0},"end":{"line":252,"column":16}},"252":{"start":{"line":253,"column":0},"end":{"line":253,"column":18}},"253":{"start":{"line":254,"column":0},"end":{"line":254,"column":20}},"254":{"start":{"line":255,"column":0},"end":{"line":255,"column":20}},"255":{"start":{"line":256,"column":0},"end":{"line":256,"column":19}},"256":{"start":{"line":257,"column":0},"end":{"line":257,"column":24}},"257":{"start":{"line":258,"column":0},"end":{"line":258,"column":6}},"258":{"start":{"line":259,"column":0},"end":{"line":259,"column":4}},"260":{"start":{"line":261,"column":0},"end":{"line":261,"column":27}},"261":{"start":{"line":262,"column":0},"end":{"line":262,"column":28}},"262":{"start":{"line":263,"column":0},"end":{"line":263,"column":11}},"263":{"start":{"line":264,"column":0},"end":{"line":264,"column":5}},"265":{"start":{"line":266,"column":0},"end":{"line":266,"column":42}},"266":{"start":{"line":267,"column":0},"end":{"line":267,"column":5}},"269":{"start":{"line":270,"column":0},"end":{"line":270,"column":34}},"270":{"start":{"line":271,"column":0},"end":{"line":271,"column":55}},"271":{"start":{"line":272,"column":0},"end":{"line":272,"column":3}},"272":{"start":{"line":273,"column":0},"end":{"line":273,"column":2}},"277":{"start":{"line":278,"column":0},"end":{"line":278,"column":69}},"278":{"start":{"line":279,"column":0},"end":{"line":279,"column":27}},"279":{"start":{"line":280,"column":0},"end":{"line":280,"column":41}},"281":{"start":{"line":282,"column":0},"end":{"line":282,"column":31}},"282":{"start":{"line":283,"column":0},"end":{"line":283,"column":28}},"283":{"start":{"line":284,"column":0},"end":{"line":284,"column":34}},"284":{"start":{"line":285,"column":0},"end":{"line":285,"column":16}},"285":{"start":{"line":286,"column":0},"end":{"line":286,"column":18}},"286":{"start":{"line":287,"column":0},"end":{"line":287,"column":20}},"287":{"start":{"line":288,"column":0},"end":{"line":288,"column":20}},"288":{"start":{"line":289,"column":0},"end":{"line":289,"column":19}},"289":{"start":{"line":290,"column":0},"end":{"line":290,"column":24}},"290":{"start":{"line":291,"column":0},"end":{"line":291,"column":6}},"291":{"start":{"line":292,"column":0},"end":{"line":292,"column":4}},"293":{"start":{"line":294,"column":0},"end":{"line":294,"column":27}},"294":{"start":{"line":295,"column":0},"end":{"line":295,"column":28}},"295":{"start":{"line":296,"column":0},"end":{"line":296,"column":11}},"296":{"start":{"line":297,"column":0},"end":{"line":297,"column":5}},"298":{"start":{"line":299,"column":0},"end":{"line":299,"column":42}},"299":{"start":{"line":300,"column":0},"end":{"line":300,"column":5}},"300":{"start":{"line":301,"column":0},"end":{"line":301,"column":2}},"305":{"start":{"line":306,"column":0},"end":{"line":306,"column":69}},"306":{"start":{"line":307,"column":0},"end":{"line":307,"column":27}},"307":{"start":{"line":308,"column":0},"end":{"line":308,"column":41}},"308":{"start":{"line":309,"column":0},"end":{"line":309,"column":41}},"310":{"start":{"line":311,"column":0},"end":{"line":311,"column":31}},"311":{"start":{"line":312,"column":0},"end":{"line":312,"column":28}},"312":{"start":{"line":313,"column":0},"end":{"line":313,"column":34}},"313":{"start":{"line":314,"column":0},"end":{"line":314,"column":16}},"314":{"start":{"line":315,"column":0},"end":{"line":315,"column":18}},"315":{"start":{"line":316,"column":0},"end":{"line":316,"column":20}},"316":{"start":{"line":317,"column":0},"end":{"line":317,"column":20}},"317":{"start":{"line":318,"column":0},"end":{"line":318,"column":19}},"318":{"start":{"line":319,"column":0},"end":{"line":319,"column":24}},"319":{"start":{"line":320,"column":0},"end":{"line":320,"column":6}},"320":{"start":{"line":321,"column":0},"end":{"line":321,"column":4}},"322":{"start":{"line":323,"column":0},"end":{"line":323,"column":27}},"323":{"start":{"line":324,"column":0},"end":{"line":324,"column":28}},"324":{"start":{"line":325,"column":0},"end":{"line":325,"column":11}},"325":{"start":{"line":326,"column":0},"end":{"line":326,"column":32}},"326":{"start":{"line":327,"column":0},"end":{"line":327,"column":5}},"328":{"start":{"line":329,"column":0},"end":{"line":329,"column":27}},"329":{"start":{"line":330,"column":0},"end":{"line":330,"column":34}},"330":{"start":{"line":331,"column":0},"end":{"line":331,"column":11}},"331":{"start":{"line":332,"column":0},"end":{"line":332,"column":32}},"332":{"start":{"line":333,"column":0},"end":{"line":333,"column":4}},"334":{"start":{"line":335,"column":0},"end":{"line":335,"column":55}},"336":{"start":{"line":337,"column":0},"end":{"line":337,"column":11}},"337":{"start":{"line":338,"column":0},"end":{"line":338,"column":13}},"338":{"start":{"line":339,"column":0},"end":{"line":339,"column":22}},"339":{"start":{"line":340,"column":0},"end":{"line":340,"column":22}},"340":{"start":{"line":341,"column":0},"end":{"line":341,"column":11}},"341":{"start":{"line":342,"column":0},"end":{"line":342,"column":5}},"342":{"start":{"line":343,"column":0},"end":{"line":343,"column":5}},"343":{"start":{"line":344,"column":0},"end":{"line":344,"column":2}},"348":{"start":{"line":349,"column":0},"end":{"line":349,"column":25}},"349":{"start":{"line":350,"column":0},"end":{"line":350,"column":13}},"350":{"start":{"line":351,"column":0},"end":{"line":351,"column":35}},"351":{"start":{"line":352,"column":0},"end":{"line":352,"column":45}},"352":{"start":{"line":353,"column":0},"end":{"line":353,"column":19}},"353":{"start":{"line":354,"column":0},"end":{"line":354,"column":28}},"354":{"start":{"line":355,"column":0},"end":{"line":355,"column":57}},"355":{"start":{"line":356,"column":0},"end":{"line":356,"column":17}},"356":{"start":{"line":357,"column":0},"end":{"line":357,"column":19}},"357":{"start":{"line":358,"column":0},"end":{"line":358,"column":21}},"358":{"start":{"line":359,"column":0},"end":{"line":359,"column":21}},"359":{"start":{"line":360,"column":0},"end":{"line":360,"column":20}},"360":{"start":{"line":361,"column":0},"end":{"line":361,"column":25}},"361":{"start":{"line":362,"column":0},"end":{"line":362,"column":7}},"362":{"start":{"line":363,"column":0},"end":{"line":363,"column":16}},"363":{"start":{"line":364,"column":0},"end":{"line":364,"column":6}},"364":{"start":{"line":365,"column":0},"end":{"line":365,"column":53}},"365":{"start":{"line":366,"column":0},"end":{"line":366,"column":5}},"366":{"start":{"line":367,"column":0},"end":{"line":367,"column":17}},"367":{"start":{"line":368,"column":0},"end":{"line":368,"column":23}},"368":{"start":{"line":369,"column":0},"end":{"line":369,"column":18}},"369":{"start":{"line":370,"column":0},"end":{"line":370,"column":18}},"370":{"start":{"line":371,"column":0},"end":{"line":371,"column":43}},"371":{"start":{"line":372,"column":0},"end":{"line":372,"column":18}},"372":{"start":{"line":373,"column":0},"end":{"line":373,"column":5}},"373":{"start":{"line":374,"column":0},"end":{"line":374,"column":2}},"378":{"start":{"line":379,"column":0},"end":{"line":379,"column":91}},"379":{"start":{"line":380,"column":0},"end":{"line":380,"column":79}},"381":{"start":{"line":382,"column":0},"end":{"line":382,"column":7}},"383":{"start":{"line":384,"column":0},"end":{"line":384,"column":43}},"385":{"start":{"line":386,"column":0},"end":{"line":386,"column":22}},"386":{"start":{"line":387,"column":0},"end":{"line":387,"column":30}},"387":{"start":{"line":388,"column":0},"end":{"line":388,"column":14}},"388":{"start":{"line":389,"column":0},"end":{"line":389,"column":25}},"389":{"start":{"line":390,"column":0},"end":{"line":390,"column":51}},"390":{"start":{"line":391,"column":0},"end":{"line":391,"column":8}},"391":{"start":{"line":392,"column":0},"end":{"line":392,"column":58}},"392":{"start":{"line":393,"column":0},"end":{"line":393,"column":4}},"394":{"start":{"line":395,"column":0},"end":{"line":395,"column":33}},"396":{"start":{"line":397,"column":0},"end":{"line":397,"column":23}},"397":{"start":{"line":398,"column":0},"end":{"line":398,"column":52}},"399":{"start":{"line":400,"column":0},"end":{"line":400,"column":30}},"400":{"start":{"line":401,"column":0},"end":{"line":401,"column":14}},"401":{"start":{"line":402,"column":0},"end":{"line":402,"column":25}},"402":{"start":{"line":403,"column":0},"end":{"line":403,"column":40}},"403":{"start":{"line":404,"column":0},"end":{"line":404,"column":75}},"404":{"start":{"line":405,"column":0},"end":{"line":405,"column":8}},"407":{"start":{"line":408,"column":0},"end":{"line":408,"column":29}},"409":{"start":{"line":410,"column":0},"end":{"line":410,"column":42}},"410":{"start":{"line":411,"column":0},"end":{"line":411,"column":13}},"411":{"start":{"line":412,"column":0},"end":{"line":412,"column":5}},"413":{"start":{"line":414,"column":0},"end":{"line":414,"column":18}},"414":{"start":{"line":415,"column":0},"end":{"line":415,"column":4}},"416":{"start":{"line":417,"column":0},"end":{"line":417,"column":29}},"417":{"start":{"line":418,"column":0},"end":{"line":418,"column":13}},"418":{"start":{"line":419,"column":0},"end":{"line":419,"column":24}},"419":{"start":{"line":420,"column":0},"end":{"line":420,"column":38}},"420":{"start":{"line":421,"column":0},"end":{"line":421,"column":7}},"422":{"start":{"line":423,"column":0},"end":{"line":423,"column":28}},"423":{"start":{"line":424,"column":0},"end":{"line":424,"column":19}},"424":{"start":{"line":425,"column":0},"end":{"line":425,"column":79}},"426":{"start":{"line":427,"column":0},"end":{"line":427,"column":29}},"427":{"start":{"line":428,"column":0},"end":{"line":428,"column":13}},"428":{"start":{"line":429,"column":0},"end":{"line":429,"column":24}},"429":{"start":{"line":430,"column":0},"end":{"line":430,"column":29}},"430":{"start":{"line":431,"column":0},"end":{"line":431,"column":7}},"432":{"start":{"line":433,"column":0},"end":{"line":433,"column":50}},"433":{"start":{"line":434,"column":0},"end":{"line":434,"column":3}},"434":{"start":{"line":435,"column":0},"end":{"line":435,"column":2}},"439":{"start":{"line":440,"column":0},"end":{"line":440,"column":47}},"440":{"start":{"line":441,"column":0},"end":{"line":441,"column":62}},"441":{"start":{"line":442,"column":0},"end":{"line":442,"column":2}},"446":{"start":{"line":447,"column":0},"end":{"line":447,"column":36}},"447":{"start":{"line":448,"column":0},"end":{"line":448,"column":59}},"448":{"start":{"line":449,"column":0},"end":{"line":449,"column":2}},"453":{"start":{"line":454,"column":0},"end":{"line":454,"column":73}},"454":{"start":{"line":455,"column":0},"end":{"line":455,"column":34}},"455":{"start":{"line":456,"column":0},"end":{"line":456,"column":10}},"456":{"start":{"line":457,"column":0},"end":{"line":457,"column":38}},"457":{"start":{"line":458,"column":0},"end":{"line":458,"column":40}},"458":{"start":{"line":459,"column":0},"end":{"line":459,"column":15}},"459":{"start":{"line":460,"column":0},"end":{"line":460,"column":17}},"460":{"start":{"line":461,"column":0},"end":{"line":461,"column":19}},"461":{"start":{"line":462,"column":0},"end":{"line":462,"column":19}},"462":{"start":{"line":463,"column":0},"end":{"line":463,"column":18}},"463":{"start":{"line":464,"column":0},"end":{"line":464,"column":23}},"464":{"start":{"line":465,"column":0},"end":{"line":465,"column":4}},"466":{"start":{"line":467,"column":0},"end":{"line":467,"column":2}},"469":{"start":{"line":470,"column":0},"end":{"line":470,"column":45}},"470":{"start":{"line":471,"column":0},"end":{"line":471,"column":26}},"471":{"start":{"line":472,"column":0},"end":{"line":472,"column":24}},"472":{"start":{"line":473,"column":0},"end":{"line":473,"column":2}},"474":{"start":{"line":475,"column":0},"end":{"line":475,"column":9}},"476":{"start":{"line":477,"column":0},"end":{"line":477,"column":29}},"477":{"start":{"line":478,"column":0},"end":{"line":478,"column":7}},"478":{"start":{"line":479,"column":0},"end":{"line":479,"column":10}},"479":{"start":{"line":480,"column":0},"end":{"line":480,"column":15}},"480":{"start":{"line":481,"column":0},"end":{"line":481,"column":10}},"481":{"start":{"line":482,"column":0},"end":{"line":482,"column":9}},"482":{"start":{"line":483,"column":0},"end":{"line":483,"column":14}},"483":{"start":{"line":484,"column":0},"end":{"line":484,"column":15}},"486":{"start":{"line":487,"column":0},"end":{"line":487,"column":16}},"487":{"start":{"line":488,"column":0},"end":{"line":488,"column":18}},"488":{"start":{"line":489,"column":0},"end":{"line":489,"column":18}},"489":{"start":{"line":490,"column":0},"end":{"line":490,"column":16}},"490":{"start":{"line":491,"column":0},"end":{"line":491,"column":37}},"491":{"start":{"line":492,"column":0},"end":{"line":492,"column":33}},"492":{"start":{"line":493,"column":0},"end":{"line":493,"column":8}},"493":{"start":{"line":494,"column":0},"end":{"line":494,"column":9}},"494":{"start":{"line":495,"column":0},"end":{"line":495,"column":15}},"495":{"start":{"line":496,"column":0},"end":{"line":496,"column":17}},"496":{"start":{"line":497,"column":0},"end":{"line":497,"column":19}},"497":{"start":{"line":498,"column":0},"end":{"line":498,"column":16}},"500":{"start":{"line":501,"column":0},"end":{"line":501,"column":57}},"501":{"start":{"line":502,"column":0},"end":{"line":502,"column":65}},"502":{"start":{"line":503,"column":0},"end":{"line":503,"column":71}},"503":{"start":{"line":504,"column":0},"end":{"line":504,"column":3}},"504":{"start":{"line":505,"column":0},"end":{"line":505,"column":1}},"509":{"start":{"line":510,"column":0},"end":{"line":510,"column":85}},"510":{"start":{"line":511,"column":0},"end":{"line":511,"column":29}},"511":{"start":{"line":512,"column":0},"end":{"line":512,"column":3}},"512":{"start":{"line":513,"column":0},"end":{"line":513,"column":36}},"513":{"start":{"line":514,"column":0},"end":{"line":514,"column":1}}},"s":{"9":0,"11":0,"46":0,"47":0,"48":0,"49":0,"50":0,"51":0,"52":0,"53":0,"54":0,"55":0,"56":0,"59":0,"60":0,"61":0,"62":0,"63":0,"64":0,"65":0,"66":0,"67":0,"68":0,"71":0,"72":0,"73":0,"74":0,"75":0,"76":0,"77":0,"78":0,"79":0,"80":0,"81":0,"83":0,"86":0,"87":0,"88":0,"89":0,"90":0,"91":0,"94":0,"95":0,"96":0,"101":0,"102":0,"103":0,"104":0,"106":0,"107":0,"108":0,"110":0,"111":0,"116":0,"117":0,"119":0,"120":0,"122":0,"123":0,"124":0,"127":0,"128":0,"130":0,"131":0,"133":0,"134":0,"135":0,"136":0,"137":0,"138":0,"139":0,"140":0,"141":0,"142":0,"143":0,"145":0,"146":0,"147":0,"148":0,"149":0,"150":0,"151":0,"153":0,"154":0,"155":0,"156":0,"158":0,"159":0,"160":0,"161":0,"162":0,"163":0,"164":0,"166":0,"167":0,"172":0,"173":0,"174":0,"175":0,"178":0,"179":0,"180":0,"181":0,"182":0,"183":0,"184":0,"185":0,"186":0,"187":0,"188":0,"191":0,"192":0,"193":0,"194":0,"195":0,"197":0,"198":0,"199":0,"200":0,"201":0,"202":0,"205":0,"206":0,"207":0,"208":0,"209":0,"210":0,"211":0,"213":0,"214":0,"215":0,"216":0,"217":0,"218":0,"219":0,"221":0,"222":0,"223":0,"224":0,"225":0,"226":0,"228":0,"229":0,"230":0,"232":0,"233":0,"236":0,"237":0,"238":0,"239":0,"244":0,"245":0,"246":0,"248":0,"249":0,"250":0,"251":0,"252":0,"253":0,"254":0,"255":0,"256":0,"257":0,"258":0,"260":0,"261":0,"262":0,"263":0,"265":0,"266":0,"269":0,"270":0,"271":0,"272":0,"277":0,"278":0,"279":0,"281":0,"282":0,"283":0,"284":0,"285":0,"286":0,"287":0,"288":0,"289":0,"290":0,"291":0,"293":0,"294":0,"295":0,"296":0,"298":0,"299":0,"300":0,"305":0,"306":0,"307":0,"308":0,"310":0,"311":0,"312":0,"313":0,"314":0,"315":0,"316":0,"317":0,"318":0,"319":0,"320":0,"322":0,"323":0,"324":0,"325":0,"326":0,"328":0,"329":0,"330":0,"331":0,"332":0,"334":0,"336":0,"337":0,"338":0,"339":0,"340":0,"341":0,"342":0,"343":0,"348":0,"349":0,"350":0,"351":0,"352":0,"353":0,"354":0,"355":0,"356":0,"357":0,"358":0,"359":0,"360":0,"361":0,"362":0,"363":0,"364":0,"365":0,"366":0,"367":0,"368":0,"369":0,"370":0,"371":0,"372":0,"373":0,"378":0,"379":0,"381":0,"383":0,"385":0,"386":0,"387":0,"388":0,"389":0,"390":0,"391":0,"392":0,"394":0,"396":0,"397":0,"399":0,"400":0,"401":0,"402":0,"403":0,"404":0,"407":0,"409":0,"410":0,"411":0,"413":0,"414":0,"416":0,"417":0,"418":0,"419":0,"420":0,"422":0,"423":0,"424":0,"426":0,"427":0,"428":0,"429":0,"430":0,"432":0,"433":0,"434":0,"439":0,"440":0,"441":0,"446":0,"447":0,"448":0,"453":0,"454":0,"455":0,"456":0,"457":0,"458":0,"459":0,"460":0,"461":0,"462":0,"463":0,"464":0,"466":0,"469":0,"470":0,"471":0,"472":0,"474":0,"476":0,"477":0,"478":0,"479":0,"480":0,"481":0,"482":0,"483":0,"486":0,"487":0,"488":0,"489":0,"490":0,"491":0,"492":0,"493":0,"494":0,"495":0,"496":0,"497":0,"500":0,"501":0,"502":0,"503":0,"504":0,"509":0,"510":0,"511":0,"512":0,"513":0},"branchMap":{"0":{"type":"branch","line":1,"loc":{"start":{"line":1,"column":11864},"end":{"line":514,"column":1}},"locations":[{"start":{"line":1,"column":11864},"end":{"line":514,"column":1}}]}},"b":{"0":[1]},"fnMap":{"0":{"name":"(empty-report)","decl":{"start":{"line":1,"column":11864},"end":{"line":514,"column":1}},"loc":{"start":{"line":1,"column":11864},"end":{"line":514,"column":1}},"line":1}},"f":{"0":1}}
,"/home/stevefoale/code/gwtm/frontend/src/lib/utils/astronomicalCalculations.ts": {"path":"/home/stevefoale/code/gwtm/frontend/src/lib/utils/astronomicalCalculations.ts","all":false,"statementMap":{"21":{"start":{"line":22,"column":0},"end":{"line":22,"column":96}},"22":{"start":{"line":23,"column":0},"end":{"line":23,"column":78}},"24":{"start":{"line":25,"column":0},"end":{"line":25,"column":21}},"25":{"start":{"line":26,"column":0},"end":{"line":26,"column":61}},"26":{"start":{"line":27,"column":0},"end":{"line":27,"column":14}},"27":{"start":{"line":28,"column":0},"end":{"line":28,"column":2}},"29":{"start":{"line":30,"column":0},"end":{"line":30,"column":6}},"30":{"start":{"line":31,"column":0},"end":{"line":31,"column":85}},"33":{"start":{"line":34,"column":0},"end":{"line":34,"column":113}},"34":{"start":{"line":35,"column":0},"end":{"line":35,"column":35}},"35":{"start":{"line":36,"column":0},"end":{"line":36,"column":36}},"37":{"start":{"line":38,"column":0},"end":{"line":38,"column":72}},"38":{"start":{"line":39,"column":0},"end":{"line":39,"column":21}},"39":{"start":{"line":40,"column":0},"end":{"line":40,"column":70}},"40":{"start":{"line":41,"column":0},"end":{"line":41,"column":3}},"42":{"start":{"line":43,"column":0},"end":{"line":43,"column":37}},"44":{"start":{"line":45,"column":0},"end":{"line":45,"column":77}},"45":{"start":{"line":46,"column":0},"end":{"line":46,"column":10}},"46":{"start":{"line":47,"column":0},"end":{"line":47,"column":23}},"47":{"start":{"line":48,"column":0},"end":{"line":48,"column":25}},"48":{"start":{"line":49,"column":0},"end":{"line":49,"column":25}},"49":{"start":{"line":50,"column":0},"end":{"line":50,"column":26}},"50":{"start":{"line":51,"column":0},"end":{"line":51,"column":4}},"51":{"start":{"line":52,"column":0},"end":{"line":52,"column":16}},"52":{"start":{"line":53,"column":0},"end":{"line":53,"column":81}},"55":{"start":{"line":56,"column":0},"end":{"line":56,"column":60}},"56":{"start":{"line":57,"column":0},"end":{"line":57,"column":2}},"57":{"start":{"line":58,"column":0},"end":{"line":58,"column":1}},"64":{"start":{"line":65,"column":0},"end":{"line":65,"column":82}},"65":{"start":{"line":66,"column":0},"end":{"line":66,"column":39}},"66":{"start":{"line":67,"column":0},"end":{"line":67,"column":30}},"67":{"start":{"line":68,"column":0},"end":{"line":68,"column":93}},"68":{"start":{"line":69,"column":0},"end":{"line":69,"column":3}},"71":{"start":{"line":72,"column":0},"end":{"line":72,"column":47}},"72":{"start":{"line":73,"column":0},"end":{"line":73,"column":72}},"75":{"start":{"line":76,"column":0},"end":{"line":76,"column":35}},"76":{"start":{"line":77,"column":0},"end":{"line":77,"column":53}},"78":{"start":{"line":79,"column":0},"end":{"line":79,"column":52}},"79":{"start":{"line":80,"column":0},"end":{"line":80,"column":16}},"80":{"start":{"line":81,"column":0},"end":{"line":81,"column":18}},"81":{"start":{"line":82,"column":0},"end":{"line":82,"column":18}},"82":{"start":{"line":83,"column":0},"end":{"line":83,"column":19}},"83":{"start":{"line":84,"column":0},"end":{"line":84,"column":4}},"85":{"start":{"line":86,"column":0},"end":{"line":86,"column":9}},"86":{"start":{"line":87,"column":0},"end":{"line":87,"column":16}},"87":{"start":{"line":88,"column":0},"end":{"line":88,"column":18}},"88":{"start":{"line":89,"column":0},"end":{"line":89,"column":18}},"89":{"start":{"line":90,"column":0},"end":{"line":90,"column":19}},"90":{"start":{"line":91,"column":0},"end":{"line":91,"column":3}},"91":{"start":{"line":92,"column":0},"end":{"line":92,"column":1}},"98":{"start":{"line":99,"column":0},"end":{"line":99,"column":50}},"101":{"start":{"line":102,"column":0},"end":{"line":102,"column":67}},"102":{"start":{"line":103,"column":0},"end":{"line":103,"column":54}},"103":{"start":{"line":104,"column":0},"end":{"line":104,"column":36}},"104":{"start":{"line":105,"column":0},"end":{"line":105,"column":78}},"105":{"start":{"line":106,"column":0},"end":{"line":106,"column":1}},"111":{"start":{"line":112,"column":0},"end":{"line":112,"column":59}},"112":{"start":{"line":113,"column":0},"end":{"line":113,"column":9}},"113":{"start":{"line":114,"column":0},"end":{"line":114,"column":40}},"114":{"start":{"line":115,"column":0},"end":{"line":115,"column":15}},"115":{"start":{"line":116,"column":0},"end":{"line":116,"column":42}},"116":{"start":{"line":117,"column":0},"end":{"line":117,"column":16}},"117":{"start":{"line":118,"column":0},"end":{"line":118,"column":3}},"118":{"start":{"line":119,"column":0},"end":{"line":119,"column":1}}},"s":{"21":23,"22":23,"24":23,"25":2,"26":2,"27":2,"29":21,"30":21,"33":21,"34":21,"35":21,"37":4,"38":23,"39":1,"40":1,"42":3,"44":3,"45":3,"46":3,"47":3,"48":3,"49":3,"50":3,"51":23,"52":18,"55":18,"56":18,"57":23,"64":18,"65":18,"66":18,"67":18,"68":18,"71":18,"72":18,"75":18,"76":18,"78":18,"79":18,"80":18,"81":18,"82":18,"83":18,"85":18,"86":18,"87":18,"88":18,"89":18,"90":18,"91":18,"98":1,"101":7,"102":7,"103":7,"104":7,"105":7,"111":1,"112":3,"113":3,"114":3,"115":3,"116":3,"117":3,"118":3},"branchMap":{"0":{"type":"branch","line":22,"loc":{"start":{"line":22,"column":0},"end":{"line":58,"column":1}},"locations":[{"start":{"line":22,"column":0},"end":{"line":58,"column":1}}]},"1":{"type":"branch","line":25,"loc":{"start":{"line":25,"column":20},"end":{"line":28,"column":2}},"locations":[{"start":{"line":25,"column":20},"end":{"line":28,"column":2}}]},"2":{"type":"branch","line":28,"loc":{"start":{"line":28,"column":1},"end":{"line":36,"column":36}},"locations":[{"start":{"line":28,"column":1},"end":{"line":36,"column":36}}]},"3":{"type":"branch","line":36,"loc":{"start":{"line":36,"column":34},"end":{"line":39,"column":20}},"locations":[{"start":{"line":36,"column":34},"end":{"line":39,"column":20}}]},"4":{"type":"branch","line":39,"loc":{"start":{"line":39,"column":20},"end":{"line":41,"column":3}},"locations":[{"start":{"line":39,"column":20},"end":{"line":41,"column":3}}]},"5":{"type":"branch","line":41,"loc":{"start":{"line":41,"column":2},"end":{"line":52,"column":10}},"locations":[{"start":{"line":41,"column":2},"end":{"line":52,"column":10}}]},"6":{"type":"branch","line":52,"loc":{"start":{"line":52,"column":1},"end":{"line":57,"column":2}},"locations":[{"start":{"line":52,"column":1},"end":{"line":57,"column":2}}]},"7":{"type":"branch","line":65,"loc":{"start":{"line":65,"column":0},"end":{"line":92,"column":1}},"locations":[{"start":{"line":65,"column":0},"end":{"line":92,"column":1}}]},"8":{"type":"branch","line":99,"loc":{"start":{"line":99,"column":7},"end":{"line":106,"column":1}},"locations":[{"start":{"line":99,"column":7},"end":{"line":106,"column":1}}]},"9":{"type":"branch","line":112,"loc":{"start":{"line":112,"column":7},"end":{"line":119,"column":1}},"locations":[{"start":{"line":112,"column":7},"end":{"line":119,"column":1}}]}},"b":{"0":[23],"1":[2],"2":[21],"3":[4],"4":[1],"5":[3],"6":[18],"7":[18],"8":[7],"9":[3]},"fnMap":{"0":{"name":"fetchSunMoonPositions","decl":{"start":{"line":22,"column":0},"end":{"line":58,"column":1}},"loc":{"start":{"line":22,"column":0},"end":{"line":58,"column":1}},"line":22},"1":{"name":"calculateApproximateSunMoonPositions","decl":{"start":{"line":65,"column":0},"end":{"line":92,"column":1}},"loc":{"start":{"line":65,"column":0},"end":{"line":92,"column":1}},"line":65},"2":{"name":"convertToMJD","decl":{"start":{"line":99,"column":7},"end":{"line":106,"column":1}},"loc":{"start":{"line":99,"column":7},"end":{"line":106,"column":1}},"line":99},"3":{"name":"getDefaultSunMoonPositions","decl":{"start":{"line":112,"column":7},"end":{"line":119,"column":1}},"loc":{"start":{"line":112,"column":7},"end":{"line":119,"column":1}},"line":112}},"f":{"0":23,"1":18,"2":7,"3":3}}
,"/home/stevefoale/code/gwtm/frontend/src/lib/utils/errorHandling.ts": {"path":"/home/stevefoale/code/gwtm/frontend/src/lib/utils/errorHandling.ts","all":false,"statementMap":{"0":{"start":{"line":1,"column":0},"end":{"line":1,"column":40}},"22":{"start":{"line":23,"column":0},"end":{"line":23,"column":53}},"25":{"start":{"line":26,"column":0},"end":{"line":26,"column":29}},"27":{"start":{"line":28,"column":0},"end":{"line":28,"column":62}},"28":{"start":{"line":29,"column":0},"end":{"line":29,"column":27}},"29":{"start":{"line":30,"column":0},"end":{"line":30,"column":25}},"30":{"start":{"line":31,"column":0},"end":{"line":31,"column":11}},"31":{"start":{"line":32,"column":0},"end":{"line":32,"column":33}},"32":{"start":{"line":33,"column":0},"end":{"line":33,"column":25}},"33":{"start":{"line":34,"column":0},"end":{"line":34,"column":28}},"34":{"start":{"line":35,"column":0},"end":{"line":35,"column":28}},"35":{"start":{"line":36,"column":0},"end":{"line":36,"column":44}},"36":{"start":{"line":37,"column":0},"end":{"line":37,"column":70}},"37":{"start":{"line":38,"column":0},"end":{"line":38,"column":4}},"39":{"start":{"line":40,"column":0},"end":{"line":40,"column":54}},"42":{"start":{"line":43,"column":0},"end":{"line":43,"column":45}},"43":{"start":{"line":44,"column":0},"end":{"line":44,"column":21}},"44":{"start":{"line":45,"column":0},"end":{"line":45,"column":32}},"45":{"start":{"line":46,"column":0},"end":{"line":46,"column":22}},"46":{"start":{"line":47,"column":0},"end":{"line":47,"column":3}},"48":{"start":{"line":49,"column":0},"end":{"line":49,"column":18}},"49":{"start":{"line":50,"column":0},"end":{"line":50,"column":3}},"52":{"start":{"line":53,"column":0},"end":{"line":53,"column":32}},"53":{"start":{"line":54,"column":0},"end":{"line":54,"column":74}},"54":{"start":{"line":55,"column":0},"end":{"line":55,"column":3}},"57":{"start":{"line":58,"column":0},"end":{"line":58,"column":19}},"58":{"start":{"line":59,"column":0},"end":{"line":59,"column":23}},"59":{"start":{"line":60,"column":0},"end":{"line":60,"column":3}},"62":{"start":{"line":63,"column":0},"end":{"line":63,"column":59}},"63":{"start":{"line":64,"column":0},"end":{"line":64,"column":46}},"65":{"start":{"line":66,"column":0},"end":{"line":66,"column":47}},"66":{"start":{"line":67,"column":0},"end":{"line":67,"column":22}},"68":{"start":{"line":69,"column":0},"end":{"line":69,"column":84}},"70":{"start":{"line":71,"column":0},"end":{"line":71,"column":39}},"75":{"start":{"line":76,"column":0},"end":{"line":76,"column":34}},"76":{"start":{"line":77,"column":0},"end":{"line":77,"column":30}},"78":{"start":{"line":79,"column":0},"end":{"line":79,"column":24}},"79":{"start":{"line":80,"column":0},"end":{"line":80,"column":56}},"80":{"start":{"line":81,"column":0},"end":{"line":81,"column":31}},"81":{"start":{"line":82,"column":0},"end":{"line":82,"column":82}},"82":{"start":{"line":83,"column":0},"end":{"line":83,"column":31}},"83":{"start":{"line":84,"column":0},"end":{"line":84,"column":54}},"84":{"start":{"line":85,"column":0},"end":{"line":85,"column":31}},"86":{"start":{"line":87,"column":0},"end":{"line":87,"column":8}},"87":{"start":{"line":88,"column":0},"end":{"line":88,"column":12}},"88":{"start":{"line":89,"column":0},"end":{"line":89,"column":32}},"89":{"start":{"line":90,"column":0},"end":{"line":90,"column":24}},"90":{"start":{"line":91,"column":0},"end":{"line":91,"column":56}},"91":{"start":{"line":92,"column":0},"end":{"line":92,"column":7}},"92":{"start":{"line":93,"column":0},"end":{"line":93,"column":31}},"93":{"start":{"line":94,"column":0},"end":{"line":94,"column":64}},"94":{"start":{"line":95,"column":0},"end":{"line":95,"column":13}},"95":{"start":{"line":96,"column":0},"end":{"line":96,"column":89}},"96":{"start":{"line":97,"column":0},"end":{"line":97,"column":18}},"97":{"start":{"line":98,"column":0},"end":{"line":98,"column":55}},"98":{"start":{"line":99,"column":0},"end":{"line":99,"column":15}},"99":{"start":{"line":100,"column":0},"end":{"line":100,"column":12}},"100":{"start":{"line":101,"column":0},"end":{"line":101,"column":32}},"101":{"start":{"line":102,"column":0},"end":{"line":102,"column":24}},"102":{"start":{"line":103,"column":0},"end":{"line":103,"column":61}},"103":{"start":{"line":104,"column":0},"end":{"line":104,"column":7}},"104":{"start":{"line":105,"column":0},"end":{"line":105,"column":51}},"105":{"start":{"line":106,"column":0},"end":{"line":106,"column":12}},"106":{"start":{"line":107,"column":0},"end":{"line":107,"column":36}},"107":{"start":{"line":108,"column":0},"end":{"line":108,"column":5}},"108":{"start":{"line":109,"column":0},"end":{"line":109,"column":31}},"109":{"start":{"line":110,"column":0},"end":{"line":110,"column":63}},"110":{"start":{"line":111,"column":0},"end":{"line":111,"column":14}},"111":{"start":{"line":112,"column":0},"end":{"line":112,"column":11}},"112":{"start":{"line":113,"column":0},"end":{"line":113,"column":31}},"113":{"start":{"line":114,"column":0},"end":{"line":114,"column":24}},"114":{"start":{"line":115,"column":0},"end":{"line":115,"column":62}},"115":{"start":{"line":116,"column":0},"end":{"line":116,"column":6}},"116":{"start":{"line":117,"column":0},"end":{"line":117,"column":52}},"117":{"start":{"line":118,"column":0},"end":{"line":118,"column":14}},"118":{"start":{"line":119,"column":0},"end":{"line":119,"column":11}},"119":{"start":{"line":120,"column":0},"end":{"line":120,"column":31}},"120":{"start":{"line":121,"column":0},"end":{"line":121,"column":23}},"121":{"start":{"line":122,"column":0},"end":{"line":122,"column":60}},"122":{"start":{"line":123,"column":0},"end":{"line":123,"column":6}},"123":{"start":{"line":124,"column":0},"end":{"line":124,"column":50}},"124":{"start":{"line":125,"column":0},"end":{"line":125,"column":30}},"125":{"start":{"line":126,"column":0},"end":{"line":126,"column":53}},"126":{"start":{"line":127,"column":0},"end":{"line":127,"column":4}},"128":{"start":{"line":129,"column":0},"end":{"line":129,"column":14}},"129":{"start":{"line":130,"column":0},"end":{"line":130,"column":11}},"130":{"start":{"line":131,"column":0},"end":{"line":131,"column":30}},"131":{"start":{"line":132,"column":0},"end":{"line":132,"column":36}},"132":{"start":{"line":133,"column":0},"end":{"line":133,"column":14}},"133":{"start":{"line":134,"column":0},"end":{"line":134,"column":5}},"134":{"start":{"line":135,"column":0},"end":{"line":135,"column":89}},"136":{"start":{"line":137,"column":0},"end":{"line":137,"column":74}},"137":{"start":{"line":138,"column":0},"end":{"line":138,"column":83}},"138":{"start":{"line":139,"column":0},"end":{"line":139,"column":13}},"139":{"start":{"line":140,"column":0},"end":{"line":140,"column":11}},"140":{"start":{"line":141,"column":0},"end":{"line":141,"column":31}},"141":{"start":{"line":142,"column":0},"end":{"line":142,"column":24}},"142":{"start":{"line":143,"column":0},"end":{"line":143,"column":63}},"143":{"start":{"line":144,"column":0},"end":{"line":144,"column":5}},"145":{"start":{"line":146,"column":0},"end":{"line":146,"column":52}},"146":{"start":{"line":147,"column":0},"end":{"line":147,"column":3}},"148":{"start":{"line":149,"column":0},"end":{"line":149,"column":27}},"149":{"start":{"line":150,"column":0},"end":{"line":150,"column":17}},"150":{"start":{"line":151,"column":0},"end":{"line":151,"column":11}},"151":{"start":{"line":152,"column":0},"end":{"line":152,"column":11}},"152":{"start":{"line":153,"column":0},"end":{"line":153,"column":21}},"153":{"start":{"line":154,"column":0},"end":{"line":154,"column":47}},"154":{"start":{"line":155,"column":0},"end":{"line":155,"column":5}},"156":{"start":{"line":157,"column":0},"end":{"line":157,"column":17}},"157":{"start":{"line":158,"column":0},"end":{"line":158,"column":3}},"160":{"start":{"line":161,"column":0},"end":{"line":161,"column":28}},"161":{"start":{"line":162,"column":0},"end":{"line":162,"column":30}},"162":{"start":{"line":163,"column":0},"end":{"line":163,"column":19}},"163":{"start":{"line":164,"column":0},"end":{"line":164,"column":12}},"167":{"start":{"line":168,"column":0},"end":{"line":168,"column":8}},"168":{"start":{"line":169,"column":0},"end":{"line":169,"column":23}},"169":{"start":{"line":170,"column":0},"end":{"line":170,"column":7}},"170":{"start":{"line":171,"column":0},"end":{"line":171,"column":36}},"172":{"start":{"line":173,"column":0},"end":{"line":173,"column":60}},"173":{"start":{"line":174,"column":0},"end":{"line":174,"column":44}},"174":{"start":{"line":175,"column":0},"end":{"line":175,"column":18}},"175":{"start":{"line":176,"column":0},"end":{"line":176,"column":19}},"176":{"start":{"line":177,"column":0},"end":{"line":177,"column":7}},"177":{"start":{"line":178,"column":0},"end":{"line":178,"column":4}},"179":{"start":{"line":180,"column":0},"end":{"line":180,"column":17}},"180":{"start":{"line":181,"column":0},"end":{"line":181,"column":19}},"181":{"start":{"line":182,"column":0},"end":{"line":182,"column":39}},"182":{"start":{"line":183,"column":0},"end":{"line":183,"column":15}},"183":{"start":{"line":184,"column":0},"end":{"line":184,"column":3}},"184":{"start":{"line":185,"column":0},"end":{"line":185,"column":2}},"185":{"start":{"line":186,"column":0},"end":{"line":186,"column":2}},"188":{"start":{"line":189,"column":0},"end":{"line":189,"column":36}},"189":{"start":{"line":190,"column":0},"end":{"line":190,"column":73}},"190":{"start":{"line":191,"column":0},"end":{"line":191,"column":1}},"193":{"start":{"line":194,"column":0},"end":{"line":194,"column":28}},"194":{"start":{"line":195,"column":0},"end":{"line":195,"column":57}},"195":{"start":{"line":196,"column":0},"end":{"line":196,"column":45}},"196":{"start":{"line":197,"column":0},"end":{"line":197,"column":18}},"197":{"start":{"line":198,"column":0},"end":{"line":198,"column":25}},"198":{"start":{"line":199,"column":0},"end":{"line":199,"column":7}},"199":{"start":{"line":200,"column":0},"end":{"line":200,"column":23}},"200":{"start":{"line":201,"column":0},"end":{"line":201,"column":29}},"201":{"start":{"line":202,"column":0},"end":{"line":202,"column":24}},"202":{"start":{"line":203,"column":0},"end":{"line":203,"column":6}},"203":{"start":{"line":204,"column":0},"end":{"line":204,"column":25}},"205":{"start":{"line":206,"column":0},"end":{"line":206,"column":74}},"208":{"start":{"line":209,"column":0},"end":{"line":209,"column":29}},"211":{"start":{"line":212,"column":0},"end":{"line":212,"column":3}},"212":{"start":{"line":213,"column":0},"end":{"line":213,"column":3}},"214":{"start":{"line":215,"column":0},"end":{"line":215,"column":49}},"215":{"start":{"line":216,"column":0},"end":{"line":216,"column":48}},"216":{"start":{"line":217,"column":0},"end":{"line":217,"column":43}},"217":{"start":{"line":218,"column":0},"end":{"line":218,"column":85}},"218":{"start":{"line":219,"column":0},"end":{"line":219,"column":75}},"219":{"start":{"line":220,"column":0},"end":{"line":220,"column":39}},"220":{"start":{"line":221,"column":0},"end":{"line":221,"column":35}},"221":{"start":{"line":222,"column":0},"end":{"line":222,"column":4}},"222":{"start":{"line":223,"column":0},"end":{"line":223,"column":27}},"223":{"start":{"line":224,"column":0},"end":{"line":224,"column":61}},"224":{"start":{"line":225,"column":0},"end":{"line":225,"column":4}},"225":{"start":{"line":226,"column":0},"end":{"line":226,"column":3}},"226":{"start":{"line":227,"column":0},"end":{"line":227,"column":77}},"227":{"start":{"line":228,"column":0},"end":{"line":228,"column":2}},"228":{"start":{"line":229,"column":0},"end":{"line":229,"column":2}},"231":{"start":{"line":232,"column":0},"end":{"line":232,"column":27}},"232":{"start":{"line":233,"column":0},"end":{"line":233,"column":63}},"233":{"start":{"line":234,"column":0},"end":{"line":234,"column":62}},"234":{"start":{"line":235,"column":0},"end":{"line":235,"column":37}},"235":{"start":{"line":236,"column":0},"end":{"line":236,"column":3}},"236":{"start":{"line":237,"column":0},"end":{"line":237,"column":14}},"237":{"start":{"line":238,"column":0},"end":{"line":238,"column":3}},"239":{"start":{"line":240,"column":0},"end":{"line":240,"column":40}},"240":{"start":{"line":241,"column":0},"end":{"line":241,"column":50}},"241":{"start":{"line":242,"column":0},"end":{"line":242,"column":32}},"242":{"start":{"line":243,"column":0},"end":{"line":243,"column":47}},"243":{"start":{"line":244,"column":0},"end":{"line":244,"column":3}},"244":{"start":{"line":245,"column":0},"end":{"line":245,"column":14}},"245":{"start":{"line":246,"column":0},"end":{"line":246,"column":3}},"247":{"start":{"line":248,"column":0},"end":{"line":248,"column":74}},"248":{"start":{"line":249,"column":0},"end":{"line":249,"column":27}},"249":{"start":{"line":250,"column":0},"end":{"line":250,"column":65}},"250":{"start":{"line":251,"column":0},"end":{"line":251,"column":3}},"251":{"start":{"line":252,"column":0},"end":{"line":252,"column":14}},"252":{"start":{"line":253,"column":0},"end":{"line":253,"column":3}},"254":{"start":{"line":255,"column":0},"end":{"line":255,"column":74}},"255":{"start":{"line":256,"column":0},"end":{"line":256,"column":27}},"256":{"start":{"line":257,"column":0},"end":{"line":257,"column":69}},"257":{"start":{"line":258,"column":0},"end":{"line":258,"column":3}},"258":{"start":{"line":259,"column":0},"end":{"line":259,"column":14}},"259":{"start":{"line":260,"column":0},"end":{"line":260,"column":3}},"261":{"start":{"line":262,"column":0},"end":{"line":262,"column":61}},"262":{"start":{"line":263,"column":0},"end":{"line":263,"column":47}},"263":{"start":{"line":264,"column":0},"end":{"line":264,"column":48}},"264":{"start":{"line":265,"column":0},"end":{"line":265,"column":3}},"265":{"start":{"line":266,"column":0},"end":{"line":266,"column":14}},"266":{"start":{"line":267,"column":0},"end":{"line":267,"column":3}},"268":{"start":{"line":269,"column":0},"end":{"line":269,"column":83}},"269":{"start":{"line":270,"column":0},"end":{"line":270,"column":35}},"270":{"start":{"line":271,"column":0},"end":{"line":271,"column":59}},"271":{"start":{"line":272,"column":0},"end":{"line":272,"column":3}},"272":{"start":{"line":273,"column":0},"end":{"line":273,"column":14}},"273":{"start":{"line":274,"column":0},"end":{"line":274,"column":2}},"274":{"start":{"line":275,"column":0},"end":{"line":275,"column":2}},"277":{"start":{"line":278,"column":0},"end":{"line":278,"column":29}},"278":{"start":{"line":279,"column":0},"end":{"line":279,"column":33}},"279":{"start":{"line":280,"column":0},"end":{"line":280,"column":61}},"280":{"start":{"line":281,"column":0},"end":{"line":281,"column":27}},"281":{"start":{"line":282,"column":0},"end":{"line":282,"column":43}},"283":{"start":{"line":284,"column":0},"end":{"line":284,"column":59}},"284":{"start":{"line":285,"column":0},"end":{"line":285,"column":30}},"286":{"start":{"line":287,"column":0},"end":{"line":287,"column":34}},"287":{"start":{"line":288,"column":0},"end":{"line":288,"column":29}},"288":{"start":{"line":289,"column":0},"end":{"line":289,"column":15}},"289":{"start":{"line":290,"column":0},"end":{"line":290,"column":26}},"290":{"start":{"line":291,"column":0},"end":{"line":291,"column":48}},"291":{"start":{"line":292,"column":0},"end":{"line":292,"column":4}},"292":{"start":{"line":293,"column":0},"end":{"line":293,"column":3}},"293":{"start":{"line":294,"column":0},"end":{"line":294,"column":2}},"295":{"start":{"line":296,"column":0},"end":{"line":296,"column":15}},"296":{"start":{"line":297,"column":0},"end":{"line":297,"column":1}}},"s":{"0":1,"22":1,"25":1,"27":1,"28":28,"29":28,"30":28,"31":28,"32":28,"33":28,"34":28,"35":28,"36":28,"37":28,"39":28,"42":28,"43":15,"44":1,"45":15,"46":15,"48":28,"49":28,"52":1,"53":3,"54":3,"57":1,"58":1,"59":1,"62":1,"63":12,"65":12,"66":12,"68":12,"70":7,"75":7,"76":7,"78":7,"79":1,"80":7,"81":1,"82":6,"83":1,"84":5,"86":2,"87":2,"88":2,"89":2,"90":2,"91":2,"92":2,"93":2,"94":2,"95":2,"96":2,"97":2,"98":2,"99":0,"100":0,"101":0,"102":0,"103":0,"104":0,"105":0,"106":0,"107":0,"108":2,"109":2,"110":2,"111":0,"112":0,"113":0,"114":0,"115":0,"116":0,"117":0,"118":0,"119":0,"120":0,"121":0,"122":0,"123":0,"124":0,"125":0,"126":0,"128":7,"129":7,"130":7,"131":7,"132":7,"133":7,"134":12,"136":1,"137":1,"138":1,"139":4,"140":4,"141":3,"142":3,"143":4,"145":3,"146":3,"148":12,"149":12,"150":12,"151":12,"152":12,"153":12,"154":12,"156":12,"157":12,"160":1,"161":4,"162":4,"163":4,"167":4,"168":4,"169":4,"170":4,"172":4,"173":1,"174":1,"175":1,"176":1,"177":1,"179":2,"180":2,"181":2,"182":2,"183":2,"184":4,"185":1,"188":28,"189":28,"190":28,"193":1,"194":1,"195":4,"196":4,"197":4,"198":1,"199":1,"200":1,"201":1,"202":1,"203":3,"205":4,"208":4,"211":0,"212":4,"214":1,"215":1,"216":1,"217":1,"218":1,"219":1,"220":1,"221":1,"222":1,"223":1,"224":1,"225":1,"226":1,"227":1,"228":1,"231":1,"232":1,"233":13,"234":4,"235":4,"236":9,"237":13,"239":1,"240":7,"241":7,"242":3,"243":3,"244":4,"245":7,"247":1,"248":5,"249":2,"250":2,"251":3,"252":5,"254":1,"255":3,"256":1,"257":1,"258":2,"259":3,"261":1,"262":8,"263":3,"264":3,"265":5,"266":8,"268":1,"269":6,"270":2,"271":2,"272":4,"273":6,"274":1,"277":1,"278":4,"279":4,"280":4,"281":4,"283":4,"284":6,"286":6,"287":12,"288":12,"289":2,"290":2,"291":2,"292":12,"293":6,"295":4,"296":4},"branchMap":{"0":{"type":"branch","line":28,"loc":{"start":{"line":28,"column":1},"end":{"line":50,"column":3}},"locations":[{"start":{"line":28,"column":1},"end":{"line":50,"column":3}}]},"1":{"type":"branch","line":32,"loc":{"start":{"line":32,"column":17},"end":{"line":32,"column":33}},"locations":[{"start":{"line":32,"column":17},"end":{"line":32,"column":33}}]},"2":{"type":"branch","line":36,"loc":{"start":{"line":36,"column":24},"end":{"line":36,"column":44}},"locations":[{"start":{"line":36,"column":24},"end":{"line":36,"column":44}}]},"3":{"type":"branch","line":37,"loc":{"start":{"line":37,"column":21},"end":{"line":37,"column":70}},"locations":[{"start":{"line":37,"column":21},"end":{"line":37,"column":70}}]},"4":{"type":"branch","line":37,"loc":{"start":{"line":37,"column":51},"end":{"line":37,"column":65}},"locations":[{"start":{"line":37,"column":51},"end":{"line":37,"column":65}}]},"5":{"type":"branch","line":37,"loc":{"start":{"line":37,"column":61},"end":{"line":37,"column":70}},"locations":[{"start":{"line":37,"column":61},"end":{"line":37,"column":70}}]},"6":{"type":"branch","line":43,"loc":{"start":{"line":43,"column":12},"end":{"line":43,"column":44}},"locations":[{"start":{"line":43,"column":12},"end":{"line":43,"column":44}}]},"7":{"type":"branch","line":43,"loc":{"start":{"line":43,"column":44},"end":{"line":47,"column":3}},"locations":[{"start":{"line":43,"column":44},"end":{"line":47,"column":3}}]},"8":{"type":"branch","line":40,"loc":{"start":{"line":40,"column":22},"end":{"line":40,"column":52}},"locations":[{"start":{"line":40,"column":22},"end":{"line":40,"column":52}}]},"9":{"type":"branch","line":44,"loc":{"start":{"line":44,"column":14},"end":{"line":46,"column":6}},"locations":[{"start":{"line":44,"column":14},"end":{"line":46,"column":6}}]},"10":{"type":"branch","line":53,"loc":{"start":{"line":53,"column":1},"end":{"line":55,"column":3}},"locations":[{"start":{"line":53,"column":1},"end":{"line":55,"column":3}}]},"11":{"type":"branch","line":54,"loc":{"start":{"line":54,"column":22},"end":{"line":54,"column":72}},"locations":[{"start":{"line":54,"column":22},"end":{"line":54,"column":72}}]},"12":{"type":"branch","line":54,"loc":{"start":{"line":54,"column":48},"end":{"line":54,"column":71}},"locations":[{"start":{"line":54,"column":48},"end":{"line":54,"column":71}}]},"13":{"type":"branch","line":58,"loc":{"start":{"line":58,"column":1},"end":{"line":60,"column":3}},"locations":[{"start":{"line":58,"column":1},"end":{"line":60,"column":3}}]},"14":{"type":"branch","line":63,"loc":{"start":{"line":63,"column":1},"end":{"line":158,"column":3}},"locations":[{"start":{"line":63,"column":1},"end":{"line":158,"column":3}}]},"15":{"type":"branch","line":69,"loc":{"start":{"line":69,"column":32},"end":{"line":69,"column":67}},"locations":[{"start":{"line":69,"column":32},"end":{"line":69,"column":67}}]},"16":{"type":"branch","line":69,"loc":{"start":{"line":69,"column":58},"end":{"line":69,"column":83}},"locations":[{"start":{"line":69,"column":58},"end":{"line":69,"column":83}}]},"17":{"type":"branch","line":69,"loc":{"start":{"line":69,"column":83},"end":{"line":135,"column":13}},"locations":[{"start":{"line":69,"column":83},"end":{"line":135,"column":13}}]},"18":{"type":"branch","line":79,"loc":{"start":{"line":79,"column":23},"end":{"line":81,"column":14}},"locations":[{"start":{"line":79,"column":23},"end":{"line":81,"column":14}}]},"19":{"type":"branch","line":81,"loc":{"start":{"line":81,"column":3},"end":{"line":127,"column":4}},"locations":[{"start":{"line":81,"column":3},"end":{"line":127,"column":4}}]},"20":{"type":"branch","line":81,"loc":{"start":{"line":81,"column":30},"end":{"line":83,"column":14}},"locations":[{"start":{"line":81,"column":30},"end":{"line":83,"column":14}}]},"21":{"type":"branch","line":83,"loc":{"start":{"line":83,"column":3},"end":{"line":127,"column":4}},"locations":[{"start":{"line":83,"column":3},"end":{"line":127,"column":4}}]},"22":{"type":"branch","line":83,"loc":{"start":{"line":83,"column":30},"end":{"line":85,"column":14}},"locations":[{"start":{"line":83,"column":30},"end":{"line":85,"column":14}}]},"23":{"type":"branch","line":85,"loc":{"start":{"line":85,"column":3},"end":{"line":127,"column":4}},"locations":[{"start":{"line":85,"column":3},"end":{"line":127,"column":4}}]},"24":{"type":"branch","line":85,"loc":{"start":{"line":85,"column":30},"end":{"line":127,"column":4}},"locations":[{"start":{"line":85,"column":30},"end":{"line":127,"column":4}}]},"25":{"type":"branch","line":99,"loc":{"start":{"line":99,"column":4},"end":{"line":108,"column":5}},"locations":[{"start":{"line":99,"column":4},"end":{"line":108,"column":5}}]},"26":{"type":"branch","line":111,"loc":{"start":{"line":111,"column":3},"end":{"line":127,"column":4}},"locations":[{"start":{"line":111,"column":3},"end":{"line":127,"column":4}}]},"27":{"type":"branch","line":131,"loc":{"start":{"line":131,"column":18},"end":{"line":131,"column":30}},"locations":[{"start":{"line":131,"column":18},"end":{"line":131,"column":30}}]},"28":{"type":"branch","line":132,"loc":{"start":{"line":132,"column":21},"end":{"line":132,"column":36}},"locations":[{"start":{"line":132,"column":21},"end":{"line":132,"column":36}}]},"29":{"type":"branch","line":135,"loc":{"start":{"line":135,"column":2},"end":{"line":147,"column":3}},"locations":[{"start":{"line":135,"column":2},"end":{"line":147,"column":3}}]},"30":{"type":"branch","line":135,"loc":{"start":{"line":135,"column":39},"end":{"line":135,"column":73}},"locations":[{"start":{"line":135,"column":39},"end":{"line":135,"column":73}}]},"31":{"type":"branch","line":135,"loc":{"start":{"line":135,"column":64},"end":{"line":135,"column":88}},"locations":[{"start":{"line":135,"column":64},"end":{"line":135,"column":88}}]},"32":{"type":"branch","line":135,"loc":{"start":{"line":135,"column":88},"end":{"line":139,"column":13}},"locations":[{"start":{"line":135,"column":88},"end":{"line":139,"column":13}}]},"33":{"type":"branch","line":139,"loc":{"start":{"line":139,"column":2},"end":{"line":147,"column":3}},"locations":[{"start":{"line":139,"column":2},"end":{"line":147,"column":3}}]},"34":{"type":"branch","line":141,"loc":{"start":{"line":141,"column":20},"end":{"line":142,"column":24}},"locations":[{"start":{"line":141,"column":20},"end":{"line":142,"column":24}}]},"35":{"type":"branch","line":142,"loc":{"start":{"line":142,"column":16},"end":{"line":143,"column":63}},"locations":[{"start":{"line":142,"column":16},"end":{"line":143,"column":63}}]},"36":{"type":"branch","line":144,"loc":{"start":{"line":144,"column":4},"end":{"line":147,"column":3}},"locations":[{"start":{"line":144,"column":4},"end":{"line":147,"column":3}}]},"37":{"type":"branch","line":96,"loc":{"start":{"line":96,"column":11},"end":{"line":96,"column":88}},"locations":[{"start":{"line":96,"column":11},"end":{"line":96,"column":88}}]},"38":{"type":"branch","line":161,"loc":{"start":{"line":161,"column":1},"end":{"line":185,"column":2}},"locations":[{"start":{"line":161,"column":1},"end":{"line":185,"column":2}}]},"39":{"type":"branch","line":171,"loc":{"start":{"line":171,"column":34},"end":{"line":173,"column":35}},"locations":[{"start":{"line":171,"column":34},"end":{"line":173,"column":35}}]},"40":{"type":"branch","line":173,"loc":{"start":{"line":173,"column":15},"end":{"line":173,"column":59}},"locations":[{"start":{"line":173,"column":15},"end":{"line":173,"column":59}}]},"41":{"type":"branch","line":173,"loc":{"start":{"line":173,"column":59},"end":{"line":178,"column":4}},"locations":[{"start":{"line":173,"column":59},"end":{"line":178,"column":4}}]},"42":{"type":"branch","line":178,"loc":{"start":{"line":178,"column":3},"end":{"line":184,"column":3}},"locations":[{"start":{"line":178,"column":3},"end":{"line":184,"column":3}}]},"43":{"type":"branch","line":189,"loc":{"start":{"line":189,"column":0},"end":{"line":191,"column":1}},"locations":[{"start":{"line":189,"column":0},"end":{"line":191,"column":1}}]},"44":{"type":"branch","line":195,"loc":{"start":{"line":195,"column":1},"end":{"line":213,"column":3}},"locations":[{"start":{"line":195,"column":1},"end":{"line":213,"column":3}}]},"45":{"type":"branch","line":198,"loc":{"start":{"line":198,"column":20},"end":{"line":203,"column":6}},"locations":[{"start":{"line":198,"column":20},"end":{"line":203,"column":6}}]},"46":{"type":"branch","line":203,"loc":{"start":{"line":203,"column":5},"end":{"line":204,"column":25}},"locations":[{"start":{"line":203,"column":5},"end":{"line":204,"column":25}}]},"47":{"type":"branch","line":206,"loc":{"start":{"line":206,"column":34},"end":{"line":206,"column":52}},"locations":[{"start":{"line":206,"column":34},"end":{"line":206,"column":52}}]},"48":{"type":"branch","line":209,"loc":{"start":{"line":209,"column":28},"end":{"line":212,"column":3}},"locations":[{"start":{"line":209,"column":28},"end":{"line":212,"column":3}}]},"49":{"type":"branch","line":215,"loc":{"start":{"line":215,"column":1},"end":{"line":228,"column":2}},"locations":[{"start":{"line":215,"column":1},"end":{"line":228,"column":2}}]},"50":{"type":"branch","line":227,"loc":{"start":{"line":227,"column":54},"end":{"line":227,"column":62}},"locations":[{"start":{"line":227,"column":54},"end":{"line":227,"column":62}}]},"51":{"type":"branch","line":233,"loc":{"start":{"line":233,"column":1},"end":{"line":238,"column":3}},"locations":[{"start":{"line":233,"column":1},"end":{"line":238,"column":3}}]},"52":{"type":"branch","line":234,"loc":{"start":{"line":234,"column":16},"end":{"line":234,"column":47}},"locations":[{"start":{"line":234,"column":16},"end":{"line":234,"column":47}}]},"53":{"type":"branch","line":234,"loc":{"start":{"line":234,"column":34},"end":{"line":234,"column":61}},"locations":[{"start":{"line":234,"column":34},"end":{"line":234,"column":61}}]},"54":{"type":"branch","line":234,"loc":{"start":{"line":234,"column":61},"end":{"line":236,"column":3}},"locations":[{"start":{"line":234,"column":61},"end":{"line":236,"column":3}}]},"55":{"type":"branch","line":236,"loc":{"start":{"line":236,"column":2},"end":{"line":237,"column":14}},"locations":[{"start":{"line":236,"column":2},"end":{"line":237,"column":14}}]},"56":{"type":"branch","line":240,"loc":{"start":{"line":240,"column":1},"end":{"line":246,"column":3}},"locations":[{"start":{"line":240,"column":1},"end":{"line":246,"column":3}}]},"57":{"type":"branch","line":242,"loc":{"start":{"line":242,"column":31},"end":{"line":244,"column":3}},"locations":[{"start":{"line":242,"column":31},"end":{"line":244,"column":3}}]},"58":{"type":"branch","line":244,"loc":{"start":{"line":244,"column":2},"end":{"line":245,"column":14}},"locations":[{"start":{"line":244,"column":2},"end":{"line":245,"column":14}}]},"59":{"type":"branch","line":248,"loc":{"start":{"line":248,"column":1},"end":{"line":253,"column":3}},"locations":[{"start":{"line":248,"column":1},"end":{"line":253,"column":3}}]},"60":{"type":"branch","line":249,"loc":{"start":{"line":249,"column":26},"end":{"line":251,"column":3}},"locations":[{"start":{"line":249,"column":26},"end":{"line":251,"column":3}}]},"61":{"type":"branch","line":251,"loc":{"start":{"line":251,"column":2},"end":{"line":252,"column":14}},"locations":[{"start":{"line":251,"column":2},"end":{"line":252,"column":14}}]},"62":{"type":"branch","line":255,"loc":{"start":{"line":255,"column":1},"end":{"line":260,"column":3}},"locations":[{"start":{"line":255,"column":1},"end":{"line":260,"column":3}}]},"63":{"type":"branch","line":256,"loc":{"start":{"line":256,"column":26},"end":{"line":258,"column":3}},"locations":[{"start":{"line":256,"column":26},"end":{"line":258,"column":3}}]},"64":{"type":"branch","line":258,"loc":{"start":{"line":258,"column":2},"end":{"line":259,"column":14}},"locations":[{"start":{"line":258,"column":2},"end":{"line":259,"column":14}}]},"65":{"type":"branch","line":262,"loc":{"start":{"line":262,"column":1},"end":{"line":267,"column":3}},"locations":[{"start":{"line":262,"column":1},"end":{"line":267,"column":3}}]},"66":{"type":"branch","line":263,"loc":{"start":{"line":263,"column":27},"end":{"line":263,"column":46}},"locations":[{"start":{"line":263,"column":27},"end":{"line":263,"column":46}}]},"67":{"type":"branch","line":263,"loc":{"start":{"line":263,"column":46},"end":{"line":265,"column":3}},"locations":[{"start":{"line":263,"column":46},"end":{"line":265,"column":3}}]},"68":{"type":"branch","line":265,"loc":{"start":{"line":265,"column":2},"end":{"line":266,"column":14}},"locations":[{"start":{"line":265,"column":2},"end":{"line":266,"column":14}}]},"69":{"type":"branch","line":269,"loc":{"start":{"line":269,"column":1},"end":{"line":274,"column":2}},"locations":[{"start":{"line":269,"column":1},"end":{"line":274,"column":2}}]},"70":{"type":"branch","line":270,"loc":{"start":{"line":270,"column":14},"end":{"line":270,"column":34}},"locations":[{"start":{"line":270,"column":14},"end":{"line":270,"column":34}}]},"71":{"type":"branch","line":270,"loc":{"start":{"line":270,"column":34},"end":{"line":272,"column":3}},"locations":[{"start":{"line":270,"column":34},"end":{"line":272,"column":3}}]},"72":{"type":"branch","line":272,"loc":{"start":{"line":272,"column":2},"end":{"line":273,"column":14}},"locations":[{"start":{"line":272,"column":2},"end":{"line":273,"column":14}}]},"73":{"type":"branch","line":278,"loc":{"start":{"line":278,"column":7},"end":{"line":297,"column":1}},"locations":[{"start":{"line":278,"column":7},"end":{"line":297,"column":1}}]},"74":{"type":"branch","line":284,"loc":{"start":{"line":284,"column":58},"end":{"line":294,"column":2}},"locations":[{"start":{"line":284,"column":58},"end":{"line":294,"column":2}}]},"75":{"type":"branch","line":287,"loc":{"start":{"line":287,"column":33},"end":{"line":293,"column":3}},"locations":[{"start":{"line":287,"column":33},"end":{"line":293,"column":3}}]},"76":{"type":"branch","line":289,"loc":{"start":{"line":289,"column":14},"end":{"line":292,"column":4}},"locations":[{"start":{"line":289,"column":14},"end":{"line":292,"column":4}}]}},"b":{"0":[28],"1":[12],"2":[15],"3":[13],"4":[1],"5":[12],"6":[15],"7":[15],"8":[28],"9":[1],"10":[3],"11":[3],"12":[4],"13":[1],"14":[12],"15":[11],"16":[7],"17":[7],"18":[1],"19":[6],"20":[1],"21":[5],"22":[1],"23":[4],"24":[2],"25":[0],"26":[0],"27":[2],"28":[2],"29":[5],"30":[4],"31":[1],
[...]
{"start":{"line":170,"column":3},"end":{"line":172,"column":30}},"locations":[{"start":{"line":170,"column":3},"end":{"line":172,"column":30}}]},"47":{"type":"branch","line":172,"loc":{"start":{"line":172,"column":7},"end":{"line":172,"column":86}},"locations":[{"start":{"line":172,"column":7},"end":{"line":172,"column":86}}]},"48":{"type":"branch","line":172,"loc":{"start":{"line":172,"column":86},"end":{"line":174,"column":4}},"locations":[{"start":{"line":172,"column":86},"end":{"line":174,"column":4}}]},"49":{"type":"branch","line":174,"loc":{"start":{"line":174,"column":3},"end":{"line":176,"column":68}},"locations":[{"start":{"line":174,"column":3},"end":{"line":176,"column":68}}]},"50":{"type":"branch","line":183,"loc":{"start":{"line":183,"column":18},"end":{"line":193,"column":3}},"locations":[{"start":{"line":183,"column":18},"end":{"line":193,"column":3}}]},"51":{"type":"branch","line":187,"loc":{"start":{"line":187,"column":9},"end":{"line":192,"column":4}},"locations":[{"start":{"line":187,"column":9},"end":{"line":192,"column":4}}]},"52":{"type":"branch","line":191,"loc":{"start":{"line":191,"column":48},"end":{"line":191,"column":63}},"locations":[{"start":{"line":191,"column":48},"end":{"line":191,"column":63}}]},"53":{"type":"branch","line":191,"loc":{"start":{"line":191,"column":59},"end":{"line":191,"column":72}},"locations":[{"start":{"line":191,"column":59},"end":{"line":191,"column":72}}]},"54":{"type":"branch","line":198,"loc":{"start":{"line":198,"column":6},"end":{"line":210,"column":3}},"locations":[{"start":{"line":198,"column":6},"end":{"line":210,"column":3}}]},"55":{"type":"branch","line":199,"loc":{"start":{"line":199,"column":9},"end":{"line":209,"column":4}},"locations":[{"start":{"line":199,"column":9},"end":{"line":209,"column":4}}]},"56":{"type":"branch","line":201,"loc":{"start":{"line":201,"column":19},"end":{"line":201,"column":95}},"locations":[{"start":{"line":201,"column":19},"end":{"line":201,"column":95}}]},"57":{"type":"branch","line":201,"loc":{"start":{"line":201,"column":59},"end":{"line":206,"column":11}},"locations":[{"start":{"line":201,"column":59},"end":{"line":206,"column":11}}]},"58":{"type":"branch","line":206,"loc":{"start":{"line":206,"column":3},"end":{"line":208,"column":4}},"locations":[{"start":{"line":206,"column":3},"end":{"line":208,"column":4}}]},"59":{"type":"branch","line":215,"loc":{"start":{"line":215,"column":9},"end":{"line":227,"column":3}},"locations":[{"start":{"line":215,"column":9},"end":{"line":227,"column":3}}]},"60":{"type":"branch","line":216,"loc":{"start":{"line":216,"column":9},"end":{"line":226,"column":4}},"locations":[{"start":{"line":216,"column":9},"end":{"line":226,"column":4}}]},"61":{"type":"branch","line":217,"loc":{"start":{"line":217,"column":24},"end":{"line":217,"column":51}},"locations":[{"start":{"line":217,"column":24},"end":{"line":217,"column":51}}]},"62":{"type":"branch","line":217,"loc":{"start":{"line":217,"column":51},"end":{"line":222,"column":26}},"locations":[{"start":{"line":217,"column":51},"end":{"line":222,"column":26}}]},"63":{"type":"branch","line":222,"loc":{"start":{"line":222,"column":19},"end":{"line":222,"column":95}},"locations":[{"start":{"line":222,"column":19},"end":{"line":222,"column":95}}]},"64":{"type":"branch","line":222,"loc":{"start":{"line":222,"column":59},"end":{"line":225,"column":58}},"locations":[{"start":{"line":222,"column":59},"end":{"line":225,"column":58}}]},"65":{"type":"branch","line":225,"loc":{"start":{"line":225,"column":48},"end":{"line":225,"column":63}},"locations":[{"start":{"line":225,"column":48},"end":{"line":225,"column":63}}]},"66":{"type":"branch","line":225,"loc":{"start":{"line":225,"column":59},"end":{"line":225,"column":72}},"locations":[{"start":{"line":225,"column":59},"end":{"line":225,"column":72}}]},"67":{"type":"branch","line":229,"loc":{"start":{"line":229,"column":6},"end":{"line":238,"column":3}},"locations":[{"start":{"line":229,"column":6},"end":{"line":238,"column":3}}]},"68":{"type":"branch","line":230,"loc":{"start":{"line":230,"column":9},"end":{"line":237,"column":4}},"locations":[{"start":{"line":230,"column":9},"end":{"line":237,"column":4}}]},"69":{"type":"branch","line":231,"loc":{"start":{"line":231,"column":37},"end":{"line":231,"column":56}},"locations":[{"start":{"line":231,"column":37},"end":{"line":231,"column":56}}]},"70":{"type":"branch","line":231,"loc":{"start":{"line":231,"column":48},"end":{"line":231,"column":70}},"locations":[{"start":{"line":231,"column":48},"end":{"line":231,"column":70}}]},"71":{"type":"branch","line":232,"loc":{"start":{"line":232,"column":24},"end":{"line":232,"column":102}},"locations":[{"start":{"line":232,"column":24},"end":{"line":232,"column":102}}]},"72":{"type":"branch","line":232,"loc":{"start":{"line":232,"column":64},"end":{"line":236,"column":58}},"locations":[{"start":{"line":232,"column":64},"end":{"line":236,"column":58}}]},"73":{"type":"branch","line":236,"loc":{"start":{"line":236,"column":48},"end":{"line":236,"column":63}},"locations":[{"start":{"line":236,"column":48},"end":{"line":236,"column":63}}]},"74":{"type":"branch","line":236,"loc":{"start":{"line":236,"column":59},"end":{"line":236,"column":90}},"locations":[{"start":{"line":236,"column":59},"end":{"line":236,"column":90}}]},"75":{"type":"branch","line":236,"loc":{"start":{"line":236,"column":64},"end":{"line":236,"column":89}},"locations":[{"start":{"line":236,"column":64},"end":{"line":236,"column":89}}]},"76":{"type":"branch","line":240,"loc":{"start":{"line":240,"column":6},"end":{"line":249,"column":3}},"locations":[{"start":{"line":240,"column":6},"end":{"line":249,"column":3}}]},"77":{"type":"branch","line":241,"loc":{"start":{"line":241,"column":9},"end":{"line":248,"column":4}},"locations":[{"start":{"line":241,"column":9},"end":{"line":248,"column":4}}]},"78":{"type":"branch","line":242,"loc":{"start":{"line":242,"column":37},"end":{"line":242,"column":56}},"locations":[{"start":{"line":242,"column":37},"end":{"line":242,"column":56}}]},"79":{"type":"branch","line":242,"loc":{"start":{"line":242,"column":48},"end":{"line":242,"column":70}},"locations":[{"start":{"line":242,"column":48},"end":{"line":242,"column":70}}]},"80":{"type":"branch","line":243,"loc":{"start":{"line":243,"column":24},"end":{"line":243,"column":102}},"locations":[{"start":{"line":243,"column":24},"end":{"line":243,"column":102}}]},"81":{"type":"branch","line":243,"loc":{"start":{"line":243,"column":64},"end":{"line":247,"column":58}},"locations":[{"start":{"line":243,"column":64},"end":{"line":247,"column":58}}]},"82":{"type":"branch","line":247,"loc":{"start":{"line":247,"column":48},"end":{"line":247,"column":63}},"locations":[{"start":{"line":247,"column":48},"end":{"line":247,"column":63}}]},"83":{"type":"branch","line":247,"loc":{"start":{"line":247,"column":59},"end":{"line":247,"column":90}},"locations":[{"start":{"line":247,"column":59},"end":{"line":247,"column":90}}]},"84":{"type":"branch","line":247,"loc":{"start":{"line":247,"column":64},"end":{"line":247,"column":89}},"locations":[{"start":{"line":247,"column":64},"end":{"line":247,"column":89}}]},"85":{"type":"branch","line":254,"loc":{"start":{"line":254,"column":10},"end":{"line":262,"column":3}},"locations":[{"start":{"line":254,"column":10},"end":{"line":262,"column":3}}]},"86":{"type":"branch","line":255,"loc":{"start":{"line":255,"column":9},"end":{"line":261,"column":4}},"locations":[{"start":{"line":255,"column":9},"end":{"line":261,"column":4}}]},"87":{"type":"branch","line":257,"loc":{"start":{"line":257,"column":19},"end":{"line":257,"column":95}},"locations":[{"start":{"line":257,"column":19},"end":{"line":257,"column":95}}]},"88":{"type":"branch","line":257,"loc":{"start":{"line":257,"column":59},"end":{"line":260,"column":58}},"locations":[{"start":{"line":257,"column":59},"end":{"line":260,"column":58}}]},"89":{"type":"branch","line":260,"loc":{"start":{"line":260,"column":48},"end":{"line":260,"column":63}},"locations":[{"start":{"line":260,"column":48},"end":{"line":260,"column":63}}]},"90":{"type":"branch","line":260,"loc":{"start":{"line":260,"column":59},"end":{"line":260,"column":72}},"locations":[{"start":{"line":260,"column":59},"end":{"line":260,"column":72}}]},"91":{"type":"branch","line":267,"loc":{"start":{"line":267,"column":9},"end":{"line":287,"column":3}},"locations":[{"start":{"line":267,"column":9},"end":{"line":287,"column":3}}]},"92":{"type":"branch","line":274,"loc":{"start":{"line":274,"column":9},"end":{"line":286,"column":4}},"locations":[{"start":{"line":274,"column":9},"end":{"line":286,"column":4}}]},"93":{"type":"branch","line":277,"loc":{"start":{"line":277,"column":36},"end":{"line":279,"column":4}},"locations":[{"start":{"line":277,"column":36},"end":{"line":279,"column":4}}]},"94":{"type":"branch","line":278,"loc":{"start":{"line":278,"column":48},"end":{"line":278,"column":62}},"locations":[{"start":{"line":278,"column":48},"end":{"line":278,"column":62}}]},"95":{"type":"branch","line":278,"loc":{"start":{"line":278,"column":58},"end":{"line":278,"column":71}},"locations":[{"start":{"line":278,"column":58},"end":{"line":278,"column":71}}]},"96":{"type":"branch","line":279,"loc":{"start":{"line":279,"column":3},"end":{"line":281,"column":35}},"locations":[{"start":{"line":279,"column":3},"end":{"line":281,"column":35}}]},"97":{"type":"branch","line":281,"loc":{"start":{"line":281,"column":35},"end":{"line":283,"column":4}},"locations":[{"start":{"line":281,"column":35},"end":{"line":283,"column":4}}]},"98":{"type":"branch","line":283,"loc":{"start":{"line":283,"column":3},"end":{"line":285,"column":37}},"locations":[{"start":{"line":283,"column":3},"end":{"line":285,"column":37}}]},"99":{"type":"branch","line":292,"loc":{"start":{"line":292,"column":7},"end":{"line":300,"column":3}},"locations":[{"start":{"line":292,"column":7},"end":{"line":300,"column":3}}]},"100":{"type":"branch","line":293,"loc":{"start":{"line":293,"column":9},"end":{"line":299,"column":4}},"locations":[{"start":{"line":293,"column":9},"end":{"line":299,"column":4}}]},"101":{"type":"branch","line":295,"loc":{"start":{"line":295,"column":19},"end":{"line":295,"column":61}},"locations":[{"start":{"line":295,"column":19},"end":{"line":295,"column":61}}]},"102":{"type":"branch","line":295,"loc":{"start":{"line":295,"column":59},"end":{"line":298,"column":58}},"locations":[{"start":{"line":295,"column":59},"end":{"line":298,"column":58}}]},"103":{"type":"branch","line":298,"loc":{"start":{"line":298,"column":48},"end":{"line":298,"column":63}},"locations":[{"start":{"line":298,"column":48},"end":{"line":298,"column":63}}]},"104":{"type":"branch","line":298,"loc":{"start":{"line":298,"column":59},"end":{"line":298,"column":72}},"locations":[{"start":{"line":298,"column":59},"end":{"line":298,"column":72}}]},"105":{"type":"branch","line":305,"loc":{"start":{"line":305,"column":7},"end":{"line":318,"column":3}},"locations":[{"start":{"line":305,"column":7},"end":{"line":318,"column":3}}]},"106":{"type":"branch","line":306,"loc":{"start":{"line":306,"column":9},"end":{"line":317,"column":4}},"locations":[{"start":{"line":306,"column":9},"end":{"line":317,"column":4}}]},"107":{"type":"branch","line":307,"loc":{"start":{"line":307,"column":24},"end":{"line":307,"column":57}},"locations":[{"start":{"line":307,"column":24},"end":{"line":307,"column":57}}]},"108":{"type":"branch","line":307,"loc":{"start":{"line":307,"column":57},"end":{"line":309,"column":4}},"locations":[{"start":{"line":307,"column":57},"end":{"line":309,"column":4}}]},"109":{"type":"branch","line":309,"loc":{"start":{"line":309,"column":3},"end":{"line":312,"column":26}},"locations":[{"start":{"line":309,"column":3},"end":{"line":312,"column":26}}]},"110":{"type":"branch","line":312,"loc":{"start":{"line":312,"column":19},"end":{"line":312,"column":61}},"locations":[{"start":{"line":312,"column":19},"end":{"line":312,"column":61}}]},"111":{"type":"branch","line":312,"loc":{"start":{"line":312,"column":59},"end":{"line":316,"column":58}},"locations":[{"start":{"line":312,"column":59},"end":{"line":316,"column":58}}]},"112":{"type":"branch","line":316,"loc":{"start":{"line":316,"column":48},"end":{"line":316,"column":63}},"locations":[{"start":{"line":316,"column":48},"end":{"line":316,"column":63}}]},"113":{"type":"branch","line":316,"loc":{"start":{"line":316,"column":59},"end":{"line":316,"column":72}},"locations":[{"start":{"line":316,"column":59},"end":{"line":316,"column":72}}]},"114":{"type":"branch","line":473,"loc":{"start":{"line":473,"column":7},"end":{"line":504,"column":1}},"locations":[{"start":{"line":473,"column":7},"end":{"line":504,"column":1}}]},"115":{"type":"branch","line":483,"loc":{"start":{"line":483,"column":17},"end":{"line":483,"column":61}},"locations":[{"start":{"line":483,"column":17},"end":{"line":483,"column":61}}]},"116":{"type":"branch","line":483,"loc":{"start":{"line":483,"column":61},"end":{"line":486,"column":2}},"locations":[{"start":{"line":483,"column":61},"end":{"line":486,"column":2}}]},"117":{"type":"branch","line":484,"loc":{"start":{"line":484,"column":26},"end":{"line":484,"column":80}},"locations":[{"start":{"line":484,"column":26},"end":{"line":484,"column":80}}]},"118":{"type":"branch","line":484,"loc":{"start":{"line":484,"column":46},"end":{"line":484,"column":66}},"locations":[{"start":{"line":484,"column":46},"end":{"line":484,"column":66}}]},"119":{"type":"branch","line":486,"loc":{"start":{"line":486,"column":1},"end":{"line":502,"column":34}},"locations":[{"start":{"line":486,"column":1},"end":{"line":502,"column":34}}]},"120":{"type":"branch","line":490,"loc":{"start":{"line":490,"column":50},"end":{"line":496,"column":3}},"locations":[{"start":{"line":490,"column":50},"end":{"line":496,"column":3}}]},"121":{"type":"branch","line":502,"loc":{"start":{"line":502,"column":30},"end":{"line":502,"column":45}},"locations":[{"start":{"line":502,"column":30},"end":{"line":502,"column":45}}]},"122":{"type":"branch","line":502,"loc":{"start":{"line":502,"column":34},"end":{"line":502,"column":54}},"locations":[{"start":{"line":502,"column":34},"end":{"line":502,"column":54}}]},"123":{"type":"branch","line":509,"loc":{"start":{"line":509,"column":7},"end":{"line":527,"column":1}},"locations":[{"start":{"line":509,"column":7},"end":{"line":527,"column":1}}]},"124":{"type":"branch","line":517,"loc":{"start":{"line":517,"column":95},"end":{"line":524,"column":2}},"locations":[{"start":{"line":517,"column":95},"end":{"line":524,"column":2}}]},"125":{"type":"branch","line":521,"loc":{"start":{"line":521,"column":28},"end":{"line":523,"column":3}},"locations":[{"start":{"line":521,"column":28},"end":{"line":523,"column":3}}]}},"b":{"0":[49],"1":[47],"2":[4],"3":[45],"4":[30],"5":[15],"6":[4],"7":[11],"8":[3],"9":[8],"10":[114],"11":[104],"12":[20],"13":[16],"14":[156],"15":[3],"16":[11],"17":[6],"18":[5],"19":[8],"20":[11],"21":[5],"22":[6],"23":[4],"24":[8],"25":[13],"26":[11],"27":[2],"28":[1],"29":[9],"30":[18],"31":[1],"32":[17],"33":[10],"34":[7],"35":[8],"36":[17],"37":[1],"38":[16],"39":[3],"40":[16],"41":[3],"42":[16],"43":[1],"44":[16],"45":[5],"46":[16],"47":[2],"48":[1],"49":[16],"50":[4],"51":[6],"52":[3],"53":[3],"54":[3],"55":[9],"56":[1],"57":[8],"58":[4],"59":[7],"60":[14],"61":[7],"62":[7],"63":[1],"64":[6],"65":[4],"66":[2],"67":[6],"68":[12],"69":[9],"70":[3],"71":[1],"72":[11],"73":[8],"74":[3],"75":[2],"76":[5],"77":[10],"78":[7],"79":[3],"80":[1],"81":[9],"82":[5],"83":[4],"84":[2],"85":[4],"86":[8],"87":[1],"88":[7],"89":[5],"90":[2],"91":[4],"92":[5],"93":[2],"94":[1],"95":[1],"96":[3],"97":[1],"98":[2],"99":[8],"100":[14],"101":[5],"102":[9],"103":[7],"104":[2],"105":[4],"106":[8],"107":[1],"108":[1],"109":[7],"110":[1],"111":[6],"112":[3],"113":[3],"114":[38],"115":[27],"116":[3],"117":[2],"118":[0],"119":[35],"120":[61],"121":[1],"122":[34],"123":[9],"124":[34],"125":[10]},"fnMap":{"0":{"name":"isEmpty","decl":{"start":{"line":42,"column":8},"end":{"line":48,"column":2}},"loc":{"start":{"line":42,"column":8},"end":{"line":48,"column":2}},"line":42},"1":{"name":"sanitizeString","decl":{"start":{"line":53,"column":8},"end":{"line":55,"column":2}},"loc":{"start":{"line":53,"column":8},"end":{"line":55,"column":2}},"line":53},"2":{"name":"isSafeString","decl":{"start":{"line":60,"column":8},"end":{"line":65,"column":2}},"loc":{"start":{"line":60,"column":8},"end":{"line":65,"column":2}},"line":60},"3":{"name":"createResult","decl":{"start":{"line":70,"column":8},"end":{"line":76,"column":2}},"loc":{"start":{"line":70,"column":8},"end":{"line":76,"column":2}},"line":70},"4":{"name":"required","decl":{"start":{"line":86,"column":11},"end":{"line":91,"column":3}},"loc":{"start":{"line":86,"column":11},"end":{"line":91,"column":3}},"line":86},"5":{"name":"minLength","decl":{"start":{"line":96,"column":12},"end":{"line":103,"column":3}},"loc":{"start":{"line":96,"column":12},"end":{"line":103,"column":3}},"line":96},"6":{"name":"maxLength","decl":{"start":{"line":105,"column":12},"end":{"line":112,"column":3}},"loc":{"start":{"line":105,"column":12},"end":{"line":112,"column":3}},"line":105},"7":{"name":"email","decl":{"start":{"line":117,"column":8},"end":{"line":127,"column":3}},"loc":{"start":{"line":117,"column":8},"end":{"line":127,"column":3}},"line":117},"8":{"name":"password","decl":{"start":{"line":132,"column":11},"end":{"line":178,"column":3}},"loc":{"start":{"line":132,"column":11},"end":{"line":178,"column":3}},"line":132},"9":{"name":"confirmPassword","decl":{"start":{"line":183,"column":18},"end":{"line":193,"column":3}},"loc":{"start":{"line":183,"column":18},"end":{"line":193,"column":3}},"line":183},"10":{"name":"url","decl":{"start":{"line":198,"column":6},"end":{"line":210,"column":3}},"loc":{"start":{"line":198,"column":6},"end":{"line":210,"column":3}},"line":198},"11":{"name":"number","decl":{"start":{"line":215,"column":9},"end":{"line":227,"column":3}},"loc":{"start":{"line":215,"column":9},"end":{"line":227,"column":3}},"line":215},"12":{"name":"min","decl":{"start":{"line":229,"column":6},"end":{"line":238,"column":3}},"loc":{"start":{"line":229,"column":6},"end":{"line":238,"column":3}},"line":229},"13":{"name":"max","decl":{"start":{"line":240,"column":6},"end":{"line":249,"column":3}},"loc":{"start":{"line":240,"column":6},"end":{"line":249,"column":3}},"line":240},"14":{"name":"pattern","decl":{"start":{"line":254,"column":10},"end":{"line":262,"column":3}},"loc":{"start":{"line":254,"column":10},"end":{"line":262,"column":3}},"line":254},"15":{"name":"custom","decl":{"start":{"line":267,"column":9},"end":{"line":287,"column":3}},"loc":{"start":{"line":267,"column":9},"end":{"line":287,"column":3}},"line":267},"16":{"name":"safe","decl":{"start":{"line":292,"column":7},"end":{"line":300,"column":3}},"loc":{"start":{"line":292,"column":7},"end":{"line":300,"column":3}},"line":292},"17":{"name":"date","decl":{"start":{"line":305,"column":7},"end":{"line":318,"column":3}},"loc":{"start":{"line":305,"column":7},"end":{"line":318,"column":3}},"line":305},"18":{"name":"minDate","decl":{"start":{"line":320,"column":10},"end":{"line":329,"column":3}},"loc":{"start":{"line":320,"column":10},"end":{"line":329,"column":3}},"line":320},"19":{"name":"maxDate","decl":{"start":{"line":331,"column":10},"end":{"line":340,"column":2}},"loc":{"start":{"line":331,"column":10},"end":{"line":340,"column":2}},"line":331},"20":{"name":"validateField","decl":{"start":{"line":473,"column":7},"end":{"line":504,"column":1}},"loc":{"start":{"line":473,"column":7},"end":{"line":504,"column":1}},"line":473},"21":{"name":"validateSchema","decl":{"start":{"line":509,"column":7},"end":{"line":527,"column":1}},"loc":{"start":{"line":509,"column":7},"end":{"line":527,"column":1}},"line":509}},"f":{"0":49,"1":114,"2":16,"3":156,"4":3,"5":8,"6":8,"7":9,"8":8,"9":4,"10":3,"11":7,"12":6,"13":5,"14":4,"15":4,"16":8,"17":4,"18":0,"19":0,"20":38,"21":9}}
}
